<?xml version="1.0" encoding="UTF-8"?>
<testsuite name="com.petnet.domain.topic.service.TopicServiceTest" tests="1" skipped="0" failures="0" errors="0" timestamp="2024-11-21T12:14:53" hostname="BIT" time="0.885">
  <properties/>
  <testcase name="searchTopics()" classname="com.petnet.domain.topic.service.TopicServiceTest" time="0.885"/>
  <system-out><![CDATA[21:14:52.196 [Test worker] INFO org.springframework.test.context.support.AnnotationConfigContextLoaderUtils -- Could not detect default configuration classes for test class [com.petnet.domain.topic.service.TopicServiceTest]: TopicServiceTest does not declare any static, non-private, non-final, nested classes annotated with @Configuration.
21:14:52.278 [Test worker] INFO org.springframework.boot.test.context.SpringBootTestContextBootstrapper -- Found @SpringBootConfiguration com.petnet.PetNetApplication for test class com.petnet.domain.topic.service.TopicServiceTest

  .   ____          _            __ _ _
 /\\ / ___'_ __ _ _(_)_ __  __ _ \ \ \ \
( ( )\___ | '_ | '_| | '_ \/ _` | \ \ \ \
 \\/  ___)| |_)| | | | | || (_| |  ) ) ) )
  '  |____| .__|_| |_|_| |_\__, | / / / /
 =========|_|==============|___/=/_/_/_/

 :: Spring Boot ::                (v3.3.4)

2024-11-21 21:14:52,660 ?[34m[INFO ]?[0;39m [Test worker] ?[35m[c.p.d.topic.service.TopicServiceTest]?[0;39m: Starting TopicServiceTest using Java 17.0.12 with PID 21552 (started by bitcamp in C:\IdeaProjects\petnet_init)
2024-11-21 21:14:52,661 ?[39m[DEBUG]?[0;39m [Test worker] ?[35m[c.p.d.topic.service.TopicServiceTest]?[0;39m: Running with Spring Boot v3.3.4, Spring v6.1.13
2024-11-21 21:14:52,662 ?[34m[INFO ]?[0;39m [Test worker] ?[35m[c.p.d.topic.service.TopicServiceTest]?[0;39m: The following 1 profile is active: "local"
2024-11-21 21:14:52,662 ?[39m[DEBUG]?[0;39m [Test worker] ?[35m[o.s.boot.SpringApplication]?[0;39m: Loading source class com.petnet.PetNetApplication
2024-11-21 21:14:52,686 ?[39m[DEBUG]?[0;39m [Test worker] ?[35m[o.s.w.c.s.GenericWebApplicationContext]?[0;39m: Refreshing org.springframework.web.context.support.GenericWebApplicationContext@4c59e45e
2024-11-21 21:14:52,700 ?[39m[DEBUG]?[0;39m [Test worker] ?[35m[o.s.b.f.s.DefaultListableBeanFactory]?[0;39m: Creating shared instance of singleton bean 'org.springframework.context.annotation.internalConfigurationAnnotationProcessor'
2024-11-21 21:14:52,711 ?[39m[DEBUG]?[0;39m [Test worker] ?[35m[o.s.b.f.s.DefaultListableBeanFactory]?[0;39m: Creating shared instance of singleton bean 'org.springframework.boot.autoconfigure.internalCachingMetadataReaderFactory'
2024-11-21 21:14:52,736 ?[39m[DEBUG]?[0;39m [Test worker] ?[35m[o.s.c.a.ClassPathBeanDefinitionScanner]?[0;39m: Identified candidate component class: file [C:\IdeaProjects\petnet_init\build\classes\java\main\com\petnet\core\datasource\DataSourceConfig.class]
2024-11-21 21:14:52,742 ?[39m[DEBUG]?[0;39m [Test worker] ?[35m[o.s.c.a.ClassPathBeanDefinitionScanner]?[0;39m: Identified candidate component class: file [C:\IdeaProjects\petnet_init\build\classes\java\main\com\petnet\domain\topic\controller\TopicRestController.class]
2024-11-21 21:14:52,744 ?[39m[DEBUG]?[0;39m [Test worker] ?[35m[o.s.c.a.ClassPathBeanDefinitionScanner]?[0;39m: Identified candidate component class: file [C:\IdeaProjects\petnet_init\build\classes\java\main\com\petnet\domain\topic\service\TopicServiceImpl.class]
2024-11-21 21:14:53,031 ?[39m[DEBUG]?[0;39m [Test worker] ?[35m[o.s.b.f.s.DefaultListableBeanFactory]?[0;39m: Creating shared instance of singleton bean 'org.springframework.boot.autoconfigure.AutoConfigurationPackages'
2024-11-21 21:14:53,036 ?[39m[DEBUG]?[0;39m [Test worker] ?[35m[o.s.b.a.AutoConfigurationPackages]?[0;39m: @EnableAutoConfiguration was declared on a class in the package 'com.petnet'. Automatic @Repository and @Entity scanning is enabled.
2024-11-21 21:14:53,037 ?[39m[DEBUG]?[0;39m [Test worker] ?[35m[o.m.s.b.a.MybatisAutoConfiguration]?[0;39m: Searching for mappers annotated with @Mapper
2024-11-21 21:14:53,037 ?[39m[DEBUG]?[0;39m [Test worker] ?[35m[o.m.s.b.a.MybatisAutoConfiguration]?[0;39m: Using auto-configuration base package 'com.petnet'
2024-11-21 21:14:53,106 ?[39m[DEBUG]?[0;39m [Test worker] ?[35m[o.s.b.f.s.DefaultListableBeanFactory]?[0;39m: Creating shared instance of singleton bean 'org.mybatis.spring.mapper.MapperScannerConfigurer'
2024-11-21 21:14:53,108 ?[39m[DEBUG]?[0;39m [Test worker] ?[35m[o.s.b.f.s.DefaultListableBeanFactory]?[0;39m: Creating shared instance of singleton bean 'propertySourcesPlaceholderConfigurer'
2024-11-21 21:14:53,115 ?[39m[DEBUG]?[0;39m [Test worker] ?[35m[o.apache.ibatis.logging.LogFactory]?[0;39m: Logging initialized using 'class org.apache.ibatis.logging.slf4j.Slf4jImpl' adapter.
2024-11-21 21:14:53,121 ?[39m[DEBUG]?[0;39m [Test worker] ?[35m[o.m.s.mapper.ClassPathMapperScanner]?[0;39m: Identified candidate component class: file [C:\IdeaProjects\petnet_init\build\classes\java\main\com\petnet\domain\topic\mapper\TopicMapper.class]
2024-11-21 21:14:53,122 ?[39m[DEBUG]?[0;39m [Test worker] ?[35m[o.m.s.mapper.ClassPathMapperScanner]?[0;39m: Creating MapperFactoryBean with name 'topicMapper' and 'com.petnet.domain.topic.mapper.TopicMapper' mapperInterface
2024-11-21 21:14:53,200 ?[39m[DEBUG]?[0;39m [Test worker] ?[35m[o.s.b.f.s.DefaultListableBeanFactory]?[0;39m: Creating shared instance of singleton bean 'org.springframework.boot.test.mock.mockito.MockitoPostProcessor'
2024-11-21 21:14:53,201 ?[39m[DEBUG]?[0;39m [Test worker] ?[35m[o.s.b.f.s.DefaultListableBeanFactory]?[0;39m: Creating shared instance of singleton bean 'enableEncryptablePropertySourcesPostProcessor'
2024-11-21 21:14:53,205 ?[39m[DEBUG]?[0;39m [Test worker] ?[35m[o.s.b.f.s.DefaultListableBeanFactory]?[0;39m: Creating shared instance of singleton bean 'encryptablePropertySourceConverter'
2024-11-21 21:14:53,207 ?[39m[DEBUG]?[0;39m [Test worker] ?[35m[o.s.b.f.s.DefaultListableBeanFactory]?[0;39m: Creating shared instance of singleton bean 'lazyEncryptablePropertyResolver'
2024-11-21 21:14:53,207 ?[39m[DEBUG]?[0;39m [Test worker] ?[35m[o.s.b.f.s.DefaultListableBeanFactory]?[0;39m: Creating shared instance of singleton bean 'com.ulisesbocchio.jasyptspringboot.configuration.EncryptablePropertyResolverConfiguration'
2024-11-21 21:14:53,208 ?[39m[DEBUG]?[0;39m [Test worker] ?[35m[o.s.b.f.s.DefaultListableBeanFactory]?[0;39m: Creating shared instance of singleton bean 'lazyEncryptablePropertyDetector'
2024-11-21 21:14:53,208 ?[39m[DEBUG]?[0;39m [Test worker] ?[35m[o.s.b.f.s.DefaultListableBeanFactory]?[0;39m: Creating shared instance of singleton bean 'envCopy'
2024-11-21 21:14:53,209 ?[39m[DEBUG]?[0;39m [Test worker] ?[35m[o.s.b.f.s.DefaultListableBeanFactory]?[0;39m: Autowiring by type from bean name 'envCopy' via factory method to bean named 'environment'
2024-11-21 21:14:53,211 ?[39m[DEBUG]?[0;39m [Test worker] ?[35m[o.s.b.f.s.DefaultListableBeanFactory]?[0;39m: Autowiring by type from bean name 'lazyEncryptablePropertyDetector' via factory method to bean named 'envCopy'
2024-11-21 21:14:53,211 ?[39m[DEBUG]?[0;39m [Test worker] ?[35m[o.s.b.f.s.DefaultListableBeanFactory]?[0;39m: Autowiring by type from bean name 'lazyEncryptablePropertyDetector' via factory method to bean named 'org.springframework.beans.factory.support.DefaultListableBeanFactory@140d1230'
2024-11-21 21:14:53,213 ?[39m[DEBUG]?[0;39m [Test worker] ?[35m[o.s.b.f.s.DefaultListableBeanFactory]?[0;39m: Creating shared instance of singleton bean 'lazyJasyptStringEncryptor'
2024-11-21 21:14:53,214 ?[39m[DEBUG]?[0;39m [Test worker] ?[35m[o.s.b.f.s.DefaultListableBeanFactory]?[0;39m: Autowiring by type from bean name 'lazyJasyptStringEncryptor' via factory method to bean named 'envCopy'
2024-11-21 21:14:53,214 ?[39m[DEBUG]?[0;39m [Test worker] ?[35m[o.s.b.f.s.DefaultListableBeanFactory]?[0;39m: Autowiring by type from bean name 'lazyJasyptStringEncryptor' via factory method to bean named 'org.springframework.beans.factory.support.DefaultListableBeanFactory@140d1230'
2024-11-21 21:14:53,214 ?[39m[DEBUG]?[0;39m [Test worker] ?[35m[o.s.c.e.PropertySourcesPropertyResolver]?[0;39m: Found key 'jasypt.encryptor.bean' in PropertySource 'Config resource 'class path resource [application.yml]' via location 'optional:classpath:/'' with value of type String
2024-11-21 21:14:53,216 ?[39m[DEBUG]?[0;39m [Test worker] ?[35m[o.s.b.f.s.DefaultListableBeanFactory]?[0;39m: Autowiring by type from bean name 'lazyEncryptablePropertyResolver' via factory method to bean named 'lazyEncryptablePropertyDetector'
2024-11-21 21:14:53,216 ?[39m[DEBUG]?[0;39m [Test worker] ?[35m[o.s.b.f.s.DefaultListableBeanFactory]?[0;39m: Autowiring by type from bean name 'lazyEncryptablePropertyResolver' via factory method to bean named 'lazyJasyptStringEncryptor'
2024-11-21 21:14:53,216 ?[39m[DEBUG]?[0;39m [Test worker] ?[35m[o.s.b.f.s.DefaultListableBeanFactory]?[0;39m: Autowiring by type from bean name 'lazyEncryptablePropertyResolver' via factory method to bean named 'org.springframework.beans.factory.support.DefaultListableBeanFactory@140d1230'
2024-11-21 21:14:53,216 ?[39m[DEBUG]?[0;39m [Test worker] ?[35m[o.s.b.f.s.DefaultListableBeanFactory]?[0;39m: Autowiring by type from bean name 'lazyEncryptablePropertyResolver' via factory method to bean named 'envCopy'
2024-11-21 21:14:53,216 ?[39m[DEBUG]?[0;39m [Test worker] ?[35m[o.s.b.f.s.DefaultListableBeanFactory]?[0;39m: Autowiring by type from bean name 'lazyEncryptablePropertyResolver' via factory method to bean named 'environment'
2024-11-21 21:14:53,218 ?[39m[DEBUG]?[0;39m [Test worker] ?[35m[o.s.b.f.s.DefaultListableBeanFactory]?[0;39m: Creating shared instance of singleton bean 'lazyEncryptablePropertyFilter'
2024-11-21 21:14:53,219 ?[39m[DEBUG]?[0;39m [Test worker] ?[35m[o.s.b.f.s.DefaultListableBeanFactory]?[0;39m: Autowiring by type from bean name 'lazyEncryptablePropertyFilter' via factory method to bean named 'envCopy'
2024-11-21 21:14:53,219 ?[39m[DEBUG]?[0;39m [Test worker] ?[35m[o.s.b.f.s.DefaultListableBeanFactory]?[0;39m: Autowiring by type from bean name 'lazyEncryptablePropertyFilter' via factory method to bean named 'org.springframework.beans.factory.support.DefaultListableBeanFactory@140d1230'
2024-11-21 21:14:53,220 ?[39m[DEBUG]?[0;39m [Test worker] ?[35m[o.s.b.f.s.DefaultListableBeanFactory]?[0;39m: Autowiring by type from bean name 'encryptablePropertySourceConverter' via factory method to bean named 'environment'
2024-11-21 21:14:53,220 ?[39m[DEBUG]?[0;39m [Test worker] ?[35m[o.s.b.f.s.DefaultListableBeanFactory]?[0;39m: Autowiring by type from bean name 'encryptablePropertySourceConverter' via factory method to bean named 'lazyEncryptablePropertyResolver'
2024-11-21 21:14:53,220 ?[39m[DEBUG]?[0;39m [Test worker] ?[35m[o.s.b.f.s.DefaultListableBeanFactory]?[0;39m: Autowiring by type from bean name 'encryptablePropertySourceConverter' via factory method to bean named 'lazyEncryptablePropertyFilter'
2024-11-21 21:14:53,223 ?[39m[DEBUG]?[0;39m [Test worker] ?[35m[o.s.b.f.s.DefaultListableBeanFactory]?[0;39m: Autowiring by type from bean name 'enableEncryptablePropertySourcesPostProcessor' via factory method to bean named 'environment'
2024-11-21 21:14:53,223 ?[39m[DEBUG]?[0;39m [Test worker] ?[35m[o.s.b.f.s.DefaultListableBeanFactory]?[0;39m: Autowiring by type from bean name 'enableEncryptablePropertySourcesPostProcessor' via factory method to bean named 'encryptablePropertySourceConverter'
2024-11-21 21:14:53,223 ?[39m[DEBUG]?[0;39m [Test worker] ?[35m[o.s.b.f.s.DefaultListableBeanFactory]?[0;39m: Creating shared instance of singleton bean 'org.springframework.boot.sql.init.dependency.DatabaseInitializationDependencyConfigurer$DependsOnDatabaseInitializationPostProcessor'
2024-11-21 21:14:53,242 ?[34m[INFO ]?[0;39m [Test worker] ?[35m[c.u.j.c.EnableEncryptablePropertiesBeanFactoryPostProcessor]?[0;39m: Post-processing PropertySource instances
2024-11-21 21:14:53,243 ?[34m[INFO ]?[0;39m [Test worker] ?[35m[c.u.j.EncryptablePropertySourceConverter]?[0;39m: Skipping PropertySource configurationProperties [class org.springframework.boot.context.properties.source.ConfigurationPropertySourcesPropertySource
2024-11-21 21:14:53,244 ?[34m[INFO ]?[0;39m [Test worker] ?[35m[c.u.j.EncryptablePropertySourceConverter]?[0;39m: Converting PropertySource test [org.springframework.core.env.MapPropertySource] to EncryptableMapPropertySourceWrapper
2024-11-21 21:14:53,245 ?[34m[INFO ]?[0;39m [Test worker] ?[35m[c.u.j.EncryptablePropertySourceConverter]?[0;39m: Converting PropertySource Inlined Test Properties [org.springframework.core.env.MapPropertySource] to EncryptableMapPropertySourceWrapper
2024-11-21 21:14:53,245 ?[34m[INFO ]?[0;39m [Test worker] ?[35m[c.u.j.EncryptablePropertySourceConverter]?[0;39m: Skipping PropertySource servletConfigInitParams [class org.springframework.core.env.PropertySource$StubPropertySource
2024-11-21 21:14:53,245 ?[34m[INFO ]?[0;39m [Test worker] ?[35m[c.u.j.EncryptablePropertySourceConverter]?[0;39m: Converting PropertySource servletContextInitParams [org.springframework.web.context.support.ServletContextPropertySource] to EncryptableEnumerablePropertySourceWrapper
2024-11-21 21:14:53,245 ?[34m[INFO ]?[0;39m [Test worker] ?[35m[c.u.j.EncryptablePropertySourceConverter]?[0;39m: Converting PropertySource systemProperties [org.springframework.core.env.PropertiesPropertySource] to EncryptableMapPropertySourceWrapper
2024-11-21 21:14:53,245 ?[34m[INFO ]?[0;39m [Test worker] ?[35m[c.u.j.EncryptablePropertySourceConverter]?[0;39m: Converting PropertySource systemEnvironment [org.springframework.boot.env.SystemEnvironmentPropertySourceEnvironmentPostProcessor$OriginAwareSystemEnvironmentPropertySource] to EncryptableSystemEnvironmentPropertySourceWrapper
2024-11-21 21:14:53,245 ?[34m[INFO ]?[0;39m [Test worker] ?[35m[c.u.j.EncryptablePropertySourceConverter]?[0;39m: Converting PropertySource random [org.springframework.boot.env.RandomValuePropertySource] to EncryptablePropertySourceWrapper
2024-11-21 21:14:53,245 ?[34m[INFO ]?[0;39m [Test worker] ?[35m[c.u.j.EncryptablePropertySourceConverter]?[0;39m: Converting PropertySource Config resource 'class path resource [application-local.yml]' via location 'optional:classpath:/' [org.springframework.boot.env.OriginTrackedMapPropertySource] to EncryptableMapPropertySourceWrapper
2024-11-21 21:14:53,246 ?[34m[INFO ]?[0;39m [Test worker] ?[35m[c.u.j.EncryptablePropertySourceConverter]?[0;39m: Converting PropertySource Config resource 'class path resource [application.yml]' via location 'optional:classpath:/' [org.springframework.boot.env.OriginTrackedMapPropertySource] to EncryptableMapPropertySourceWrapper
2024-11-21 21:14:53,251 ?[39m[DEBUG]?[0;39m [Test worker] ?[35m[o.s.b.f.s.DefaultListableBeanFactory]?[0;39m: Creating shared instance of singleton bean 'org.springframework.context.event.internalEventListenerProcessor'
2024-11-21 21:14:53,252 ?[39m[DEBUG]?[0;39m [Test worker] ?[35m[o.s.b.f.s.DefaultListableBeanFactory]?[0;39m: Creating shared instance of singleton bean 'preserveErrorControllerTargetClassPostProcessor'
2024-11-21 21:14:53,252 ?[39m[DEBUG]?[0;39m [Test worker] ?[35m[o.s.b.f.s.DefaultListableBeanFactory]?[0;39m: Creating shared instance of singleton bean 'forceAutoProxyCreatorToUseClassProxying'
2024-11-21 21:14:53,253 ?[39m[DEBUG]?[0;39m [Test worker] ?[35m[o.s.b.f.s.DefaultListableBeanFactory]?[0;39m: Creating shared instance of singleton bean 'org.springframework.context.event.internalEventListenerFactory'
2024-11-21 21:14:53,253 ?[39m[DEBUG]?[0;39m [Test worker] ?[35m[o.s.b.f.s.DefaultListableBeanFactory]?[0;39m: Creating shared instance of singleton bean 'org.springframework.transaction.config.internalTransactionalEventListenerFactory'
2024-11-21 21:14:53,255 ?[39m[DEBUG]?[0;39m [Test worker] ?[35m[o.s.b.f.s.DefaultListableBeanFactory]?[0;39m: Creating shared instance of singleton bean 'org.springframework.boot.test.mock.mockito.MockitoPostProcessor$SpyPostProcessor'
2024-11-21 21:14:53,256 ?[39m[DEBUG]?[0;39m [Test worker] ?[35m[o.s.b.f.s.DefaultListableBeanFactory]?[0;39m: Creating shared instance of singleton bean 'org.springframework.context.annotation.internalAutowiredAnnotationProcessor'
2024-11-21 21:14:53,258 ?[39m[DEBUG]?[0;39m [Test worker] ?[35m[o.s.b.f.s.DefaultListableBeanFactory]?[0;39m: Creating shared instance of singleton bean 'org.springframework.context.annotation.internalCommonAnnotationProcessor'
2024-11-21 21:14:53,260 ?[39m[DEBUG]?[0;39m [Test worker] ?[35m[o.s.b.f.s.DefaultListableBeanFactory]?[0;39m: Creating shared instance of singleton bean 'org.springframework.boot.context.properties.ConfigurationPropertiesBindingPostProcessor'
2024-11-21 21:14:53,260 ?[39m[DEBUG]?[0;39m [Test worker] ?[35m[o.s.b.f.s.DefaultListableBeanFactory]?[0;39m: Creating shared instance of singleton bean 'org.springframework.boot.context.internalConfigurationPropertiesBinder'
2024-11-21 21:14:53,262 ?[39m[DEBUG]?[0;39m [Test worker] ?[35m[o.s.b.f.s.DefaultListableBeanFactory]?[0;39m: Creating shared instance of singleton bean 'org.springframework.aop.config.internalAutoProxyCreator'
2024-11-21 21:14:53,270 ?[39m[DEBUG]?[0;39m [Test worker] ?[35m[o.s.b.f.s.DefaultListableBeanFactory]?[0;39m: Creating shared instance of singleton bean 'persistenceExceptionTranslationPostProcessor'
2024-11-21 21:14:53,271 ?[39m[DEBUG]?[0;39m [Test worker] ?[35m[o.s.b.f.s.DefaultListableBeanFactory]?[0;39m: Autowiring by type from bean name 'persistenceExceptionTranslationPostProcessor' via factory method to bean named 'environment'
2024-11-21 21:14:53,275 ?[39m[DEBUG]?[0;39m [Test worker] ?[35m[o.s.b.f.s.DefaultListableBeanFactory]?[0;39m: Creating shared instance of singleton bean 'webServerFactoryCustomizerBeanPostProcessor'
2024-11-21 21:14:53,275 ?[39m[DEBUG]?[0;39m [Test worker] ?[35m[o.s.b.f.s.DefaultListableBeanFactory]?[0;39m: Creating shared instance of singleton bean 'errorPageRegistrarBeanPostProcessor'
2024-11-21 21:14:53,278 ?[39m[DEBUG]?[0;39m [Test worker] ?[35m[o.s.u.c.s.UiApplicationContextUtils]?[0;39m: Unable to locate ThemeSource with name 'themeSource': using default [org.springframework.ui.context.support.ResourceBundleThemeSource@1f736d00]
2024-11-21 21:14:53,280 ?[39m[DEBUG]?[0;39m [Test worker] ?[35m[o.s.b.f.s.DefaultListableBeanFactory]?[0;39m: Creating shared instance of singleton bean 'petNetApplication'
2024-11-21 21:14:53,282 ?[39m[DEBUG]?[0;39m [Test worker] ?[35m[o.s.b.f.s.DefaultListableBeanFactory]?[0;39m: Creating shared instance of singleton bean 'org.springframework.transaction.config.internalTransactionAdvisor'
2024-11-21 21:14:53,282 ?[39m[DEBUG]?[0;39m [Test worker] ?[35m[o.s.b.f.s.DefaultListableBeanFactory]?[0;39m: Creating shared instance of singleton bean 'org.springframework.transaction.annotation.ProxyTransactionManagementConfiguration'
2024-11-21 21:14:53,286 ?[39m[DEBUG]?[0;39m [Test worker] ?[35m[o.s.b.f.s.DefaultListableBeanFactory]?[0;39m: Creating shared instance of singleton bean 'transactionAttributeSource'
2024-11-21 21:14:53,287 ?[39m[DEBUG]?[0;39m [Test worker] ?[35m[o.s.b.f.s.DefaultListableBeanFactory]?[0;39m: Creating shared instance of singleton bean 'transactionInterceptor'
2024-11-21 21:14:53,288 ?[39m[DEBUG]?[0;39m [Test worker] ?[35m[o.s.b.f.s.DefaultListableBeanFactory]?[0;39m: Autowiring by type from bean name 'transactionInterceptor' via factory method to bean named 'transactionAttributeSource'
2024-11-21 21:14:53,292 ?[39m[DEBUG]?[0;39m [Test worker] ?[35m[o.s.b.f.s.DefaultListableBeanFactory]?[0;39m: Autowiring by type from bean name 'org.springframework.transaction.config.internalTransactionAdvisor' via factory method to bean named 'transactionAttributeSource'
2024-11-21 21:14:53,292 ?[39m[DEBUG]?[0;39m [Test worker] ?[35m[o.s.b.f.s.DefaultListableBeanFactory]?[0;39m: Autowiring by type from bean name 'org.springframework.transaction.config.internalTransactionAdvisor' via factory method to bean named 'transactionInterceptor'
2024-11-21 21:14:53,295 ?[39m[DEBUG]?[0;39m [Test worker] ?[35m[o.s.b.f.s.DefaultListableBeanFactory]?[0;39m: Creating shared instance of singleton bean 'dataSourceConfig'
2024-11-21 21:14:53,296 ?[39m[DEBUG]?[0;39m [Test worker] ?[35m[o.s.b.f.s.DefaultListableBeanFactory]?[0;39m: Creating shared instance of singleton bean 'topicRestController'
2024-11-21 21:14:53,298 ?[39m[DEBUG]?[0;39m [Test worker] ?[35m[o.s.b.f.s.DefaultListableBeanFactory]?[0;39m: Creating shared instance of singleton bean 'topicServiceImpl'
2024-11-21 21:14:53,299 ?[39m[DEBUG]?[0;39m [Test worker] ?[35m[o.s.b.f.s.DefaultListableBeanFactory]?[0;39m: Creating shared instance of singleton bean 'topicMapper'
2024-11-21 21:14:53,303 ?[39m[DEBUG]?[0;39m [Test worker] ?[35m[o.s.b.f.s.DefaultListableBeanFactory]?[0;39m: Creating shared instance of singleton bean 'sqlSessionFactory'
2024-11-21 21:14:53,303 ?[39m[DEBUG]?[0;39m [Test worker] ?[35m[o.s.b.f.s.DefaultListableBeanFactory]?[0;39m: Creating shared instance of singleton bean 'dataSource'
2024-11-21 21:14:53,307 ?[39m[DEBUG]?[0;39m [Test worker] ?[35m[o.s.b.f.s.DefaultListableBeanFactory]?[0;39m: Creating shared instance of singleton bean 'org.springframework.boot.context.properties.BoundConfigurationProperties'
2024-11-21 21:14:53,322 ?[34m[INFO ]?[0;39m [Test worker] ?[35m[c.u.j.f.DefaultLazyPropertyFilter]?[0;39m: Property Filter custom Bean not found with name 'encryptablePropertyFilter'. Initializing Default Property Filter
2024-11-21 21:14:53,332 ?[34m[INFO ]?[0;39m [Test worker] ?[35m[c.u.j.r.DefaultLazyPropertyResolver]?[0;39m: Property Resolver custom Bean not found with name 'encryptablePropertyResolver'. Initializing Default Property Resolver
2024-11-21 21:14:53,334 ?[34m[INFO ]?[0;39m [Test worker] ?[35m[c.u.j.d.DefaultLazyPropertyDetector]?[0;39m: Property Detector custom Bean not found with name 'encryptablePropertyDetector'. Initializing Default Property Detector
2024-11-21 21:14:53,341 ?[39m[DEBUG]?[0;39m [Test worker] ?[35m[com.zaxxer.hikari.HikariConfig]?[0;39m: Driver class com.mysql.cj.jdbc.Driver found in Thread context class loader jdk.internal.loader.ClassLoaders$AppClassLoader@6d06d69c
2024-11-21 21:14:53,349 ?[39m[DEBUG]?[0;39m [Test worker] ?[35m[o.s.b.f.s.DefaultListableBeanFactory]?[0;39m: Autowiring by type from bean name 'sqlSessionFactory' via factory method to bean named 'dataSource'
2024-11-21 21:14:53,414 ?[39m[DEBUG]?[0;39m [Test worker] ?[35m[o.m.spring.SqlSessionFactoryBean]?[0;39m: Parsed mapper file: 'file [C:\IdeaProjects\petnet_init\build\resources\main\sql\TodoMapper.xml]'
2024-11-21 21:14:53,457 ?[39m[DEBUG]?[0;39m [Test worker] ?[35m[o.m.spring.SqlSessionFactoryBean]?[0;39m: Parsed mapper file: 'file [C:\IdeaProjects\petnet_init\build\resources\main\sql\TopicMapper.xml]'
2024-11-21 21:14:53,480 ?[39m[DEBUG]?[0;39m [Test worker] ?[35m[o.s.b.f.s.DefaultListableBeanFactory]?[0;39m: Creating shared instance of singleton bean 'sqlSession'
2024-11-21 21:14:53,480 ?[39m[DEBUG]?[0;39m [Test worker] ?[35m[o.s.b.f.s.DefaultListableBeanFactory]?[0;39m: Autowiring by type from bean name 'sqlSession' via factory method to bean named 'sqlSessionFactory'
2024-11-21 21:14:53,481 ?[39m[DEBUG]?[0;39m [Test worker] ?[35m[o.s.b.f.s.DefaultListableBeanFactory]?[0;39m: Creating shared instance of singleton bean 'org.springframework.boot.autoconfigure.context.PropertyPlaceholderAutoConfiguration'
2024-11-21 21:14:53,482 ?[39m[DEBUG]?[0;39m [Test worker] ?[35m[o.s.b.f.s.DefaultListableBeanFactory]?[0;39m: Creating shared instance of singleton bean 'org.springframework.boot.autoconfigure.ssl.SslAutoConfiguration'
2024-11-21 21:14:53,483 ?[39m[DEBUG]?[0;39m [Test worker] ?[35m[o.s.b.f.s.DefaultListableBeanFactory]?[0;39m: Creating shared instance of singleton bean 'spring.ssl-org.springframework.boot.autoconfigure.ssl.SslProperties'
2024-11-21 21:14:53,484 ?[39m[DEBUG]?[0;39m [Test worker] ?[35m[o.s.b.f.s.DefaultListableBeanFactory]?[0;39m: Autowiring by type from bean name 'org.springframework.boot.autoconfigure.ssl.SslAutoConfiguration' via constructor to bean named 'spring.ssl-org.springframework.boot.autoconfigure.ssl.SslProperties'
2024-11-21 21:14:53,485 ?[39m[DEBUG]?[0;39m [Test worker] ?[35m[o.s.b.f.s.DefaultListableBeanFactory]?[0;39m: Creating shared instance of singleton bean 'fileWatcher'
2024-11-21 21:14:53,486 ?[39m[DEBUG]?[0;39m [Test worker] ?[35m[o.s.b.f.s.DefaultListableBeanFactory]?[0;39m: Creating shared instance of singleton bean 'sslPropertiesSslBundleRegistrar'
2024-11-21 21:14:53,486 ?[39m[DEBUG]?[0;39m [Test worker] ?[35m[o.s.b.f.s.DefaultListableBeanFactory]?[0;39m: Autowiring by type from bean name 'sslPropertiesSslBundleRegistrar' via factory method to bean named 'fileWatcher'
2024-11-21 21:14:53,488 ?[39m[DEBUG]?[0;39m [Test worker] ?[35m[o.s.b.f.s.DefaultListableBeanFactory]?[0;39m: Creating shared instance of singleton bean 'sslBundleRegistry'
2024-11-21 21:14:53,493 ?[39m[DEBUG]?[0;39m [Test worker] ?[35m[o.s.b.f.s.DefaultListableBeanFactory]?[0;39m: Creating shared instance of singleton bean 'org.springframework.boot.context.properties.EnableConfigurationPropertiesRegistrar.methodValidationExcludeFilter'
2024-11-21 21:14:53,495 ?[39m[DEBUG]?[0;39m [Test worker] ?[35m[o.s.b.f.s.DefaultListableBeanFactory]?[0;39m: Creating shared instance of singleton bean 'org.springframework.boot.autoconfigure.websocket.servlet.WebSocketServletAutoConfiguration$TomcatWebSocketConfiguration'
2024-11-21 21:14:53,495 ?[39m[DEBUG]?[0;39m [Test worker] ?[35m[o.s.b.f.s.DefaultListableBeanFactory]?[0;39m: Creating shared instance of singleton bean 'websocketServletWebServerCustomizer'
2024-11-21 21:14:53,497 ?[39m[DEBUG]?[0;39m [Test worker] ?[35m[o.s.b.f.s.DefaultListableBeanFactory]?[0;39m: Creating shared instance of singleton bean 'org.springframework.boot.autoconfigure.websocket.servlet.WebSocketServletAutoConfiguration'
2024-11-21 21:14:53,497 ?[39m[DEBUG]?[0;39m [Test worker] ?[35m[o.s.b.f.s.DefaultListableBeanFactory]?[0;39m: Creating shared instance of singleton bean 'org.springframework.boot.autoconfigure.web.servlet.ServletWebServerFactoryConfiguration$EmbeddedTomcat'
2024-11-21 21:14:53,497 ?[39m[DEBUG]?[0;39m [Test worker] ?[35m[o.s.b.f.s.DefaultListableBeanFactory]?[0;39m: Creating shared instance of singleton bean 'tomcatServletWebServerFactory'
2024-11-21 21:14:53,524 ?[39m[DEBUG]?[0;39m [Test worker] ?[35m[o.s.b.f.s.DefaultListableBeanFactory]?[0;39m: Creating shared instance of singleton bean 'servletWebServerFactoryCustomizer'
2024-11-21 21:14:53,524 ?[39m[DEBUG]?[0;39m [Test worker] ?[35m[o.s.b.f.s.DefaultListableBeanFactory]?[0;39m: Creating shared instance of singleton bean 'org.springframework.boot.autoconfigure.web.servlet.ServletWebServerFactoryAutoConfiguration'
2024-11-21 21:14:53,525 ?[39m[DEBUG]?[0;39m [Test worker] ?[35m[o.s.b.f.s.DefaultListableBeanFactory]?[0;39m: Creating shared instance of singleton bean 'server-org.springframework.boot.autoconfigure.web.ServerProperties'
2024-11-21 21:14:53,533 ?[39m[DEBUG]?[0;39m [Test worker] ?[35m[o.s.b.f.s.DefaultListableBeanFactory]?[0;39m: Autowiring by type from bean name 'servletWebServerFactoryCustomizer' via factory method to bean named 'server-org.springframework.boot.autoconfigure.web.ServerProperties'
2024-11-21 21:14:53,535 ?[39m[DEBUG]?[0;39m [Test worker] ?[35m[o.s.b.f.s.DefaultListableBeanFactory]?[0;39m: Creating shared instance of singleton bean 'tomcatServletWebServerFactoryCustomizer'
2024-11-21 21:14:53,535 ?[39m[DEBUG]?[0;39m [Test worker] ?[35m[o.s.b.f.s.DefaultListableBeanFactory]?[0;39m: Autowiring by type from bean name 'tomcatServletWebServerFactoryCustomizer' via factory method to bean named 'server-org.springframework.boot.autoconfigure.web.ServerProperties'
2024-11-21 21:14:53,535 ?[39m[DEBUG]?[0;39m [Test worker] ?[35m[o.s.b.f.s.DefaultListableBeanFactory]?[0;39m: Creating shared instance of singleton bean 'localeCharsetMappingsCustomizer'
2024-11-21 21:14:53,536 ?[39m[DEBUG]?[0;39m [Test worker] ?[35m[o.s.b.f.s.DefaultListableBeanFactory]?[0;39m: Creating shared instance of singleton bean 'org.springframework.boot.autoconfigure.web.servlet.HttpEncodingAutoConfiguration'
2024-11-21 21:14:53,536 ?[39m[DEBUG]?[0;39m [Test worker] ?[35m[o.s.b.f.s.DefaultListableBeanFactory]?[0;39m: Autowiring by type from bean name 'org.springframework.boot.autoconfigure.web.servlet.HttpEncodingAutoConfiguration' via constructor to bean named 'server-org.springframework.boot.autoconfigure.web.ServerProperties'
2024-11-21 21:14:53,545 ?[39m[DEBUG]?[0;39m [Test worker] ?[35m[o.s.b.f.s.DefaultListableBeanFactory]?[0;39m: Creating shared instance of singleton bean 'errorPageCustomizer'
2024-11-21 21:14:53,546 ?[39m[DEBUG]?[0;39m [Test worker] ?[35m[o.s.b.f.s.DefaultListableBeanFactory]?[0;39m: Creating shared instance of singleton bean 'org.springframework.boot.autoconfigure.web.servlet.error.ErrorMvcAutoConfiguration'
2024-11-21 21:14:53,546 ?[39m[DEBUG]?[0;39m [Test worker] ?[35m[o.s.b.f.s.DefaultListableBeanFactory]?[0;39m: Autowiring by type from bean name 'org.springframework.boot.autoconfigure.web.servlet.error.ErrorMvcAutoConfiguration' via constructor to bean named 'server-org.springframework.boot.autoconfigure.web.ServerProperties'
2024-11-21 21:14:53,547 ?[39m[DEBUG]?[0;39m [Test worker] ?[35m[o.s.b.f.s.DefaultListableBeanFactory]?[0;39m: Creating shared instance of singleton bean 'dispatcherServletRegistration'
2024-11-21 21:14:53,547 ?[39m[DEBUG]?[0;39m [Test worker] ?[35m[o.s.b.f.s.DefaultListableBeanFactory]?[0;39m: Creating shared instance of singleton bean 'org.springframework.boot.autoconfigure.web.servlet.DispatcherServletAutoConfiguration$DispatcherServletRegistrationConfiguration'
2024-11-21 21:14:53,548 ?[39m[DEBUG]?[0;39m [Test worker] ?[35m[o.s.b.f.s.DefaultListableBeanFactory]?[0;39m: Creating shared instance of singleton bean 'dispatcherServlet'
2024-11-21 21:14:53,548 ?[39m[DEBUG]?[0;39m [Test worker] ?[35m[o.s.b.f.s.DefaultListableBeanFactory]?[0;39m: Creating shared instance of singleton bean 'org.springframework.boot.autoconfigure.web.servlet.DispatcherServletAutoConfiguration$DispatcherServletConfiguration'
2024-11-21 21:14:53,549 ?[39m[DEBUG]?[0;39m [Test worker] ?[35m[o.s.b.f.s.DefaultListableBeanFactory]?[0;39m: Creating shared instance of singleton bean 'spring.mvc-org.springframework.boot.autoconfigure.web.servlet.WebMvcProperties'
2024-11-21 21:14:53,551 ?[39m[DEBUG]?[0;39m [Test worker] ?[35m[o.s.b.f.s.DefaultListableBeanFactory]?[0;39m: Autowiring by type from bean name 'dispatcherServlet' via factory method to bean named 'spring.mvc-org.springframework.boot.autoconfigure.web.servlet.WebMvcProperties'
2024-11-21 21:14:53,561 ?[39m[DEBUG]?[0;39m [Test worker] ?[35m[o.s.b.f.s.DefaultListableBeanFactory]?[0;39m: Autowiring by type from bean name 'dispatcherServletRegistration' via factory method to bean named 'dispatcherServlet'
2024-11-21 21:14:53,561 ?[39m[DEBUG]?[0;39m [Test worker] ?[35m[o.s.b.f.s.DefaultListableBeanFactory]?[0;39m: Autowiring by type from bean name 'dispatcherServletRegistration' via factory method to bean named 'spring.mvc-org.springframework.boot.autoconfigure.web.servlet.WebMvcProperties'
2024-11-21 21:14:53,563 ?[39m[DEBUG]?[0;39m [Test worker] ?[35m[o.s.b.f.s.DefaultListableBeanFactory]?[0;39m: Creating shared instance of singleton bean 'multipartConfigElement'
2024-11-21 21:14:53,563 ?[39m[DEBUG]?[0;39m [Test worker] ?[35m[o.s.b.f.s.DefaultListableBeanFactory]?[0;39m: Creating shared instance of singleton bean 'org.springframework.boot.autoconfigure.web.servlet.MultipartAutoConfiguration'
2024-11-21 21:14:53,564 ?[39m[DEBUG]?[0;39m [Test worker] ?[35m[o.s.b.f.s.DefaultListableBeanFactory]?[0;39m: Creating shared instance of singleton bean 'spring.servlet.multipart-org.springframework.boot.autoconfigure.web.servlet.MultipartProperties'
2024-11-21 21:14:53,567 ?[39m[DEBUG]?[0;39m [Test worker] ?[35m[o.s.b.f.s.DefaultListableBeanFactory]?[0;39m: Autowiring by type from bean name 'org.springframework.boot.autoconfigure.web.servlet.MultipartAutoConfiguration' via constructor to bean named 'spring.servlet.multipart-org.springframework.boot.autoconfigure.web.servlet.MultipartProperties'
2024-11-21 21:14:53,570 ?[39m[DEBUG]?[0;39m [Test worker] ?[35m[o.s.b.f.s.DefaultListableBeanFactory]?[0;39m: Autowiring by type from bean name 'errorPageCustomizer' via factory method to bean named 'dispatcherServletRegistration'
2024-11-21 21:14:53,572 ?[39m[DEBUG]?[0;39m [Test worker] ?[35m[o.s.b.f.s.DefaultListableBeanFactory]?[0;39m: Creating shared instance of singleton bean 'org.springframework.boot.autoconfigure.web.servlet.DispatcherServletAutoConfiguration'
2024-11-21 21:14:53,573 ?[39m[DEBUG]?[0;39m [Test worker] ?[35m[o.s.b.f.s.DefaultListableBeanFactory]?[0;39m: Creating shared instance of singleton bean 'org.springframework.boot.autoconfigure.task.TaskExecutorConfigurations$ThreadPoolTaskExecutorBuilderConfiguration'
2024-11-21 21:14:53,573 ?[39m[DEBUG]?[0;39m [Test worker] ?[35m[o.s.b.f.s.DefaultListableBeanFactory]?[0;39m: Creating shared instance of singleton bean 'threadPoolTaskExecutorBuilder'
2024-11-21 21:14:53,574 ?[39m[DEBUG]?[0;39m [Test worker] ?[35m[o.s.b.f.s.DefaultListableBeanFactory]?[0;39m: Creating shared instance of singleton bean 'spring.task.execution-org.springframework.boot.autoconfigure.task.TaskExecutionProperties'
2024-11-21 21:14:53,575 ?[39m[DEBUG]?[0;39m [Test worker] ?[35m[o.s.b.f.s.DefaultListableBeanFactory]?[0;39m: Autowiring by type from bean name 'threadPoolTaskExecutorBuilder' via factory method to bean named 'spring.task.execution-org.springframework.boot.autoconfigure.task.TaskExecutionProperties'
2024-11-21 21:14:53,578 ?[39m[DEBUG]?[0;39m [Test worker] ?[35m[o.s.b.f.s.DefaultListableBeanFactory]?[0;39m: Creating shared instance of singleton bean 'org.springframework.boot.autoconfigure.task.TaskExecutorConfigurations$TaskExecutorBuilderConfiguration'
2024-11-21 21:14:53,578 ?[39m[DEBUG]?[0;39m [Test worker] ?[35m[o.s.b.f.s.DefaultListableBeanFactory]?[0;39m: Creating shared instance of singleton bean 'taskExecutorBuilder'
2024-11-21 21:14:53,579 ?[39m[DEBUG]?[0;39m [Test worker] ?[35m[o.s.b.f.s.DefaultListableBeanFactory]?[0;39m: Autowiring by type from bean name 'taskExecutorBuilder' via factory method to bean named 'spring.task.execution-org.springframework.boot.autoconfigure.task.TaskExecutionProperties'
2024-11-21 21:14:53,580 ?[39m[DEBUG]?[0;39m [Test worker] ?[35m[o.s.b.f.s.DefaultListableBeanFactory]?[0;39m: Creating shared instance of singleton bean 'org.springframework.boot.autoconfigure.task.TaskExecutorConfigurations$SimpleAsyncTaskExecutorBuilderConfiguration'
2024-11-21 21:14:53,581 ?[39m[DEBUG]?[0;39m [Test worker] ?[35m[o.s.b.f.s.DefaultListableBeanFactory]?[0;39m: Autowiring by type from bean name 'org.springframework.boot.autoconfigure.task.TaskExecutorConfigurations$SimpleAsyncTaskExecutorBuilderConfiguration' via constructor to bean named 'spring.task.execution-org.springframework.boot.autoconfigure.task.TaskExecutionProperties'
2024-11-21 21:14:53,581 ?[39m[DEBUG]?[0;39m [Test worker] ?[35m[o.s.b.f.s.DefaultListableBeanFactory]?[0;39m: Creating shared instance of singleton bean 'simpleAsyncTaskExecutorBuilder'
2024-11-21 21:14:53,582 ?[39m[DEBUG]?[0;39m [Test worker] ?[35m[o.s.b.f.s.DefaultListableBeanFactory]?[0;39m: Creating shared instance of singleton bean 'org.springframework.boot.autoconfigure.task.TaskExecutorConfigurations$TaskExecutorConfiguration'
2024-11-21 21:14:53,583 ?[39m[DEBUG]?[0;39m [Test worker] ?[35m[o.s.b.f.s.DefaultListableBeanFactory]?[0;39m: Creating shared instance of singleton bean 'org.springframework.boot.autoconfigure.task.TaskExecutionAutoConfiguration'
2024-11-21 21:14:53,583 ?[39m[DEBUG]?[0;39m [Test worker] ?[35m[o.s.b.f.s.DefaultListableBeanFactory]?[0;39m: Creating shared instance of singleton bean 'org.springframework.boot.autoconfigure.web.servlet.error.ErrorMvcAutoConfiguration$WhitelabelErrorViewConfiguration'
2024-11-21 21:14:53,584 ?[39m[DEBUG]?[0;39m [Test worker] ?[35m[o.s.b.f.s.DefaultListableBeanFactory]?[0;39m: Creating shared instance of singleton bean 'error'
2024-11-21 21:14:53,584 ?[39m[DEBUG]?[0;39m [Test worker] ?[35m[o.s.b.f.s.DefaultListableBeanFactory]?[0;39m: Creating shared instance of singleton bean 'beanNameViewResolver'
2024-11-21 21:14:53,586 ?[39m[DEBUG]?[0;39m [Test worker] ?[35m[o.s.b.f.s.DefaultListableBeanFactory]?[0;39m: Creating shared instance of singleton bean 'org.springframework.boot.autoconfigure.web.servlet.error.ErrorMvcAutoConfiguration$DefaultErrorViewResolverConfiguration'
2024-11-21 21:14:53,587 ?[39m[DEBUG]?[0;39m [Test worker] ?[35m[o.s.b.f.s.DefaultListableBeanFactory]?[0;39m: Creating shared instance of singleton bean 'spring.web-org.springframework.boot.autoconfigure.web.WebProperties'
2024-11-21 21:14:53,589 ?[39m[DEBUG]?[0;39m [Test worker] ?[35m[o.s.b.f.s.DefaultListableBeanFactory]?[0;39m: Autowiring by type from bean name 'org.springframework.boot.autoconfigure.web.servlet.error.ErrorMvcAutoConfiguration$DefaultErrorViewResolverConfiguration' via constructor to bean named 'org.springframework.web.context.support.GenericWebApplicationContext@4c59e45e'
2024-11-21 21:14:53,589 ?[39m[DEBUG]?[0;39m [Test worker] ?[35m[o.s.b.f.s.DefaultListableBeanFactory]?[0;39m: Autowiring by type from bean name 'org.springframework.boot.autoconfigure.web.servlet.error.ErrorMvcAutoConfiguration$DefaultErrorViewResolverConfiguration' via constructor to bean named 'spring.web-org.springframework.boot.autoconfigure.web.WebProperties'
2024-11-21 21:14:53,590 ?[39m[DEBUG]?[0;39m [Test worker] ?[35m[o.s.b.f.s.DefaultListableBeanFactory]?[0;39m: Creating shared instance of singleton bean 'conventionErrorViewResolver'
2024-11-21 21:14:53,591 ?[39m[DEBUG]?[0;39m [Test worker] ?[35m[o.s.b.f.s.DefaultListableBeanFactory]?[0;39m: Creating shared instance of singleton bean 'errorAttributes'
2024-11-21 21:14:53,593 ?[39m[DEBUG]?[0;39m [Test worker] ?[35m[o.s.b.f.s.DefaultListableBeanFactory]?[0;39m: Creating shared instance of singleton bean 'basicErrorController'
2024-11-21 21:14:53,594 ?[39m[DEBUG]?[0;39m [Test worker] ?[35m[o.s.b.f.s.DefaultListableBeanFactory]?[0;39m: Autowiring by type from bean name 'basicErrorController' via factory method to bean named 'errorAttributes'
2024-11-21 21:14:53,598 ?[39m[DEBUG]?[0;39m [Test worker] ?[35m[o.s.b.f.s.DefaultListableBeanFactory]?[0;39m: Creating shared instance of singleton bean 'org.springframework.boot.autoconfigure.web.servlet.WebMvcAutoConfiguration$EnableWebMvcConfiguration'
2024-11-21 21:14:53,599 ?[39m[DEBUG]?[0;39m [Test worker] ?[35m[o.s.b.f.s.DefaultListableBeanFactory]?[0;39m: Autowiring by type from bean name 'org.springframework.boot.autoconfigure.web.servlet.WebMvcAutoConfiguration$EnableWebMvcConfiguration' via constructor to bean named 'spring.mvc-org.springframework.boot.autoconfigure.web.servlet.WebMvcProperties'
2024-11-21 21:14:53,599 ?[39m[DEBUG]?[0;39m [Test worker] ?[35m[o.s.b.f.s.DefaultListableBeanFactory]?[0;39m: Autowiring by type from bean name 'org.springframework.boot.autoconfigure.web.servlet.WebMvcAutoConfiguration$EnableWebMvcConfiguration' via constructor to bean named 'spring.web-org.springframework.boot.autoconfigure.web.WebProperties'
2024-11-21 21:14:53,599 ?[39m[DEBUG]?[0;39m [Test worker] ?[35m[o.s.b.f.s.DefaultListableBeanFactory]?[0;39m: Autowiring by type from bean name 'org.springframework.boot.autoconfigure.web.servlet.WebMvcAutoConfiguration$EnableWebMvcConfiguration' via constructor to bean named 'org.springframework.beans.factory.support.DefaultListableBeanFactory@140d1230'
2024-11-21 21:14:53,602 ?[39m[DEBUG]?[0;39m [Test worker] ?[35m[o.s.b.f.s.DefaultListableBeanFactory]?[0;39m: Creating shared instance of singleton bean 'org.springframework.boot.autoconfigure.web.servlet.WebMvcAutoConfiguration$WebMvcAutoConfigurationAdapter'
2024-11-21 21:14:53,603 ?[39m[DEBUG]?[0;39m [Test worker] ?[35m[o.s.b.f.s.DefaultListableBeanFactory]?[0;39m: Autowiring by type from bean name 'org.springframework.boot.autoconfigure.web.servlet.WebMvcAutoConfiguration$WebMvcAutoConfigurationAdapter' via constructor to bean named 'spring.web-org.springframework.boot.autoconfigure.web.WebProperties'
2024-11-21 21:14:53,603 ?[39m[DEBUG]?[0;39m [Test worker] ?[35m[o.s.b.f.s.DefaultListableBeanFactory]?[0;39m: Autowiring by type from bean name 'org.springframework.boot.autoconfigure.web.servlet.WebMvcAutoConfiguration$WebMvcAutoConfigurationAdapter' via constructor to bean named 'spring.mvc-org.springframework.boot.autoconfigure.web.servlet.WebMvcProperties'
2024-11-21 21:14:53,603 ?[39m[DEBUG]?[0;39m [Test worker] ?[35m[o.s.b.f.s.DefaultListableBeanFactory]?[0;39m: Autowiring by type from bean name 'org.springframework.boot.autoconfigure.web.servlet.WebMvcAutoConfiguration$WebMvcAutoConfigurationAdapter' via constructor to bean named 'org.springframework.beans.factory.support.DefaultListableBeanFactory@140d1230'
2024-11-21 21:14:53,607 ?[39m[DEBUG]?[0;39m [Test worker] ?[35m[o.s.b.f.s.DefaultListableBeanFactory]?[0;39m: Creating shared instance of singleton bean 'welcomePageHandlerMapping'
2024-11-21 21:14:53,608 ?[39m[DEBUG]?[0;39m [Test worker] ?[35m[o.s.b.f.s.DefaultListableBeanFactory]?[0;39m: Creating shared instance of singleton bean 'mvcConversionService'
2024-11-21 21:14:53,612 ?[39m[DEBUG]?[0;39m [Test worker] ?[35m[o.s.b.f.s.DefaultListableBeanFactory]?[0;39m: Creating shared instance of singleton bean 'mvcResourceUrlProvider'
2024-11-21 21:14:53,613 ?[39m[DEBUG]?[0;39m [Test worker] ?[35m[o.s.b.f.s.DefaultListableBeanFactory]?[0;39m: Autowiring by type from bean name 'welcomePageHandlerMapping' via factory method to bean named 'org.springframework.web.context.support.GenericWebApplicationContext@4c59e45e'
2024-11-21 21:14:53,613 ?[39m[DEBUG]?[0;39m [Test worker] ?[35m[o.s.b.f.s.DefaultListableBeanFactory]?[0;39m: Autowiring by type from bean name 'welcomePageHandlerMapping' via factory method to bean named 'mvcConversionService'
2024-11-21 21:14:53,614 ?[39m[DEBUG]?[0;39m [Test worker] ?[35m[o.s.b.f.s.DefaultListableBeanFactory]?[0;39m: Autowiring by type from bean name 'welcomePageHandlerMapping' via factory method to bean named 'mvcResourceUrlProvider'
2024-11-21 21:14:53,627 ?[39m[DEBUG]?[0;39m [Test worker] ?[35m[o.s.b.f.s.DefaultListableBeanFactory]?[0;39m: Creating shared instance of singleton bean 'welcomePageNotAcceptableHandlerMapping'
2024-11-21 21:14:53,627 ?[39m[DEBUG]?[0;39m [Test worker] ?[35m[o.s.b.f.s.DefaultListableBeanFactory]?[0;39m: Autowiring by type from bean name 'welcomePageNotAcceptableHandlerMapping' via factory method to bean named 'org.springframework.web.context.support.GenericWebApplicationContext@4c59e45e'
2024-11-21 21:14:53,627 ?[39m[DEBUG]?[0;39m [Test worker] ?[35m[o.s.b.f.s.DefaultListableBeanFactory]?[0;39m: Autowiring by type from bean name 'welcomePageNotAcceptableHandlerMapping' via factory method to bean named 'mvcConversionService'
2024-11-21 21:14:53,627 ?[39m[DEBUG]?[0;39m [Test worker] ?[35m[o.s.b.f.s.DefaultListableBeanFactory]?[0;39m: Autowiring by type from bean name 'welcomePageNotAcceptableHandlerMapping' via factory method to bean named 'mvcResourceUrlProvider'
2024-11-21 21:14:53,631 ?[39m[DEBUG]?[0;39m [Test worker] ?[35m[o.s.b.f.s.DefaultListableBeanFactory]?[0;39m: Creating shared instance of singleton bean 'localeResolver'
2024-11-21 21:14:53,633 ?[39m[DEBUG]?[0;39m [Test worker] ?[35m[o.s.b.f.s.DefaultListableBeanFactory]?[0;39m: Creating shared instance of singleton bean 'themeResolver'
2024-11-21 21:14:53,634 ?[39m[DEBUG]?[0;39m [Test worker] ?[35m[o.s.b.f.s.DefaultListableBeanFactory]?[0;39m: Creating shared instance of singleton bean 'flashMapManager'
2024-11-21 21:14:53,635 ?[39m[DEBUG]?[0;39m [Test worker] ?[35m[o.s.b.f.s.DefaultListableBeanFactory]?[0;39m: Creating shared instance of singleton bean 'mvcValidator'
2024-11-21 21:14:53,637 ?[39m[DEBUG]?[0;39m [Test worker] ?[35m[o.s.b.f.s.DefaultListableBeanFactory]?[0;39m: Creating shared instance of singleton bean 'mvcContentNegotiationManager'
2024-11-21 21:14:53,640 ?[39m[DEBUG]?[0;39m [Test worker] ?[35m[o.s.b.f.s.DefaultListableBeanFactory]?[0;39m: Creating shared instance of singleton bean 'requestMappingHandlerMapping'
2024-11-21 21:14:53,641 ?[39m[DEBUG]?[0;39m [Test worker] ?[35m[o.s.b.f.s.DefaultListableBeanFactory]?[0;39m: Autowiring by type from bean name 'requestMappingHandlerMapping' via factory method to bean named 'mvcContentNegotiationManager'
2024-11-21 21:14:53,641 ?[39m[DEBUG]?[0;39m [Test worker] ?[35m[o.s.b.f.s.DefaultListableBeanFactory]?[0;39m: Autowiring by type from bean name 'requestMappingHandlerMapping' via factory method to bean named 'mvcConversionService'
2024-11-21 21:14:53,641 ?[39m[DEBUG]?[0;39m [Test worker] ?[35m[o.s.b.f.s.DefaultListableBeanFactory]?[0;39m: Autowiring by type from bean name 'requestMappingHandlerMapping' via factory method to bean named 'mvcResourceUrlProvider'
2024-11-21 21:14:53,664 ?[39m[DEBUG]?[0;39m [Test worker] ?[35m[_.s.w.s.HandlerMapping.Mappings]?[0;39m: 
	c.p.d.t.c.TopicRestController:
	{GET [/api/topics/{topicId}]}: getTopic(String)
2024-11-21 21:14:53,668 ?[39m[DEBUG]?[0;39m [Test worker] ?[35m[_.s.w.s.HandlerMapping.Mappings]?[0;39m: 
	o.s.b.a.w.s.e.BasicErrorController:
	{ [/error]}: error(HttpServletRequest)
	{ [/error], produces [text/html]}: errorHtml(HttpServletRequest,HttpServletResponse)
2024-11-21 21:14:53,671 ?[39m[DEBUG]?[0;39m [Test worker] ?[35m[o.s.w.s.m.m.a.RequestMappingHandlerMapping]?[0;39m: 3 mappings in 'requestMappingHandlerMapping'
2024-11-21 21:14:53,673 ?[39m[DEBUG]?[0;39m [Test worker] ?[35m[o.s.b.f.s.DefaultListableBeanFactory]?[0;39m: Creating shared instance of singleton bean 'mvcPatternParser'
2024-11-21 21:14:53,674 ?[39m[DEBUG]?[0;39m [Test worker] ?[35m[o.s.b.f.s.DefaultListableBeanFactory]?[0;39m: Creating shared instance of singleton bean 'mvcUrlPathHelper'
2024-11-21 21:14:53,675 ?[39m[DEBUG]?[0;39m [Test worker] ?[35m[o.s.b.f.s.DefaultListableBeanFactory]?[0;39m: Creating shared instance of singleton bean 'mvcPathMatcher'
2024-11-21 21:14:53,675 ?[39m[DEBUG]?[0;39m [Test worker] ?[35m[o.s.b.f.s.DefaultListableBeanFactory]?[0;39m: Creating shared instance of singleton bean 'viewControllerHandlerMapping'
2024-11-21 21:14:53,676 ?[39m[DEBUG]?[0;39m [Test worker] ?[35m[o.s.b.f.s.DefaultListableBeanFactory]?[0;39m: Autowiring by type from bean name 'viewControllerHandlerMapping' via factory method to bean named 'mvcConversionService'
2024-11-21 21:14:53,676 ?[39m[DEBUG]?[0;39m [Test worker] ?[35m[o.s.b.f.s.DefaultListableBeanFactory]?[0;39m: Autowiring by type from bean name 'viewControllerHandlerMapping' via factory method to bean named 'mvcResourceUrlProvider'
2024-11-21 21:14:53,676 ?[39m[DEBUG]?[0;39m [Test worker] ?[35m[o.s.b.f.s.DefaultListableBeanFactory]?[0;39m: Creating shared instance of singleton bean 'beanNameHandlerMapping'
2024-11-21 21:14:53,677 ?[39m[DEBUG]?[0;39m [Test worker] ?[35m[o.s.b.f.s.DefaultListableBeanFactory]?[0;39m: Autowiring by type from bean name 'beanNameHandlerMapping' via factory method to bean named 'mvcConversionService'
2024-11-21 21:14:53,677 ?[39m[DEBUG]?[0;39m [Test worker] ?[35m[o.s.b.f.s.DefaultListableBeanFactory]?[0;39m: Autowiring by type from bean name 'beanNameHandlerMapping' via factory method to bean named 'mvcResourceUrlProvider'
2024-11-21 21:14:53,679 ?[39m[DEBUG]?[0;39m [Test worker] ?[35m[_.s.w.s.HandlerMapping.Mappings]?[0;39m: 'beanNameHandlerMapping' {}
2024-11-21 21:14:53,680 ?[39m[DEBUG]?[0;39m [Test worker] ?[35m[o.s.b.f.s.DefaultListableBeanFactory]?[0;39m: Creating shared instance of singleton bean 'routerFunctionMapping'
2024-11-21 21:14:53,680 ?[39m[DEBUG]?[0;39m [Test worker] ?[35m[o.s.b.f.s.DefaultListableBeanFactory]?[0;39m: Autowiring by type from bean name 'routerFunctionMapping' via factory method to bean named 'mvcConversionService'
2024-11-21 21:14:53,680 ?[39m[DEBUG]?[0;39m [Test worker] ?[35m[o.s.b.f.s.DefaultListableBeanFactory]?[0;39m: Autowiring by type from bean name 'routerFunctionMapping' via factory method to bean named 'mvcResourceUrlProvider'
2024-11-21 21:14:53,681 ?[39m[DEBUG]?[0;39m [Test worker] ?[35m[o.s.b.f.s.DefaultListableBeanFactory]?[0;39m: Creating shared instance of singleton bean 'messageConverters'
2024-11-21 21:14:53,681 ?[39m[DEBUG]?[0;39m [Test worker] ?[35m[o.s.b.f.s.DefaultListableBeanFactory]?[0;39m: Creating shared instance of singleton bean 'org.springframework.boot.autoconfigure.http.HttpMessageConvertersAutoConfiguration'
2024-11-21 21:14:53,684 ?[39m[DEBUG]?[0;39m [Test worker] ?[35m[o.s.b.f.s.DefaultListableBeanFactory]?[0;39m: Creating shared instance of singleton bean 'stringHttpMessageConverter'
2024-11-21 21:14:53,684 ?[39m[DEBUG]?[0;39m [Test worker] ?[35m[o.s.b.f.s.DefaultListableBeanFactory]?[0;39m: Creating shared instance of singleton bean 'org.springframework.boot.autoconfigure.http.HttpMessageConvertersAutoConfiguration$StringHttpMessageConverterConfiguration'
2024-11-21 21:14:53,685 ?[39m[DEBUG]?[0;39m [Test worker] ?[35m[o.s.b.f.s.DefaultListableBeanFactory]?[0;39m: Autowiring by type from bean name 'stringHttpMessageConverter' via factory method to bean named 'environment'
2024-11-21 21:14:53,688 ?[39m[DEBUG]?[0;39m [Test worker] ?[35m[o.s.b.f.s.DefaultListableBeanFactory]?[0;39m: Creating shared instance of singleton bean 'mappingJackson2HttpMessageConverter'
2024-11-21 21:14:53,688 ?[39m[DEBUG]?[0;39m [Test worker] ?[35m[o.s.b.f.s.DefaultListableBeanFactory]?[0;39m: Creating shared instance of singleton bean 'org.springframework.boot.autoconfigure.http.JacksonHttpMessageConvertersConfiguration$MappingJackson2HttpMessageConverterConfiguration'
2024-11-21 21:14:53,688 ?[39m[DEBUG]?[0;39m [Test worker] ?[35m[o.s.b.f.s.DefaultListableBeanFactory]?[0;39m: Creating shared instance of singleton bean 'jacksonObjectMapper'
2024-11-21 21:14:53,689 ?[39m[DEBUG]?[0;39m [Test worker] ?[35m[o.s.b.f.s.DefaultListableBeanFactory]?[0;39m: Creating shared instance of singleton bean 'org.springframework.boot.autoconfigure.jackson.JacksonAutoConfiguration$JacksonObjectMapperConfiguration'
2024-11-21 21:14:53,689 ?[39m[DEBUG]?[0;39m [Test worker] ?[35m[o.s.b.f.s.DefaultListableBeanFactory]?[0;39m: Creating shared instance of singleton bean 'org.springframework.boot.autoconfigure.jackson.JacksonAutoConfiguration$JacksonObjectMapperBuilderConfiguration'
2024-11-21 21:14:53,690 ?[39m[DEBUG]?[0;39m [Test worker] ?[35m[o.s.b.f.s.DefaultListableBeanFactory]?[0;39m: Creating shared instance of singleton bean 'standardJacksonObjectMapperBuilderCustomizer'
2024-11-21 21:14:53,690 ?[39m[DEBUG]?[0;39m [Test worker] ?[35m[o.s.b.f.s.DefaultListableBeanFactory]?[0;39m: Creating shared instance of singleton bean 'org.springframework.boot.autoconfigure.jackson.JacksonAutoConfiguration$Jackson2ObjectMapperBuilderCustomizerConfiguration'
2024-11-21 21:14:53,691 ?[39m[DEBUG]?[0;39m [Test worker] ?[35m[o.s.b.f.s.DefaultListableBeanFactory]?[0;39m: Creating shared instance of singleton bean 'spring.jackson-org.springframework.boot.autoconfigure.jackson.JacksonProperties'
2024-11-21 21:14:53,693 ?[39m[DEBUG]?[0;39m [Test worker] ?[35m[o.s.b.f.s.DefaultListableBeanFactory]?[0;39m: Autowiring by type from bean name 'standardJacksonObjectMapperBuilderCustomizer' via factory method to bean named 'spring.jackson-org.springframework.boot.autoconfigure.jackson.JacksonProperties'
2024-11-21 21:14:53,694 ?[39m[DEBUG]?[0;39m [Test worker] ?[35m[o.s.b.f.s.DefaultListableBeanFactory]?[0;39m: Creating shared instance of singleton bean 'parameterNamesModule'
2024-11-21 21:14:53,694 ?[39m[DEBUG]?[0;39m [Test worker] ?[35m[o.s.b.f.s.DefaultListableBeanFactory]?[0;39m: Creating shared instance of singleton bean 'org.springframework.boot.autoconfigure.jackson.JacksonAutoConfiguration$ParameterNamesModuleConfiguration'
2024-11-21 21:14:53,697 ?[39m[DEBUG]?[0;39m [Test worker] ?[35m[o.s.b.f.s.DefaultListableBeanFactory]?[0;39m: Creating shared instance of singleton bean 'jsonMixinModule'
2024-11-21 21:14:53,697 ?[39m[DEBUG]?[0;39m [Test worker] ?[35m[o.s.b.f.s.DefaultListableBeanFactory]?[0;39m: Creating shared instance of singleton bean 'org.springframework.boot.autoconfigure.jackson.JacksonAutoConfiguration$JacksonMixinConfiguration'
2024-11-21 21:14:53,697 ?[39m[DEBUG]?[0;39m [Test worker] ?[35m[o.s.b.f.s.DefaultListableBeanFactory]?[0;39m: Creating shared instance of singleton bean 'jsonMixinModuleEntries'
2024-11-21 21:14:53,698 ?[39m[DEBUG]?[0;39m [Test worker] ?[35m[o.s.b.f.s.DefaultListableBeanFactory]?[0;39m: Autowiring by type from bean name 'jsonMixinModuleEntries' via factory method to bean named 'org.springframework.web.context.support.GenericWebApplicationContext@4c59e45e'
2024-11-21 21:14:53,704 ?[39m[DEBUG]?[0;39m [Test worker] ?[35m[o.s.b.f.s.DefaultListableBeanFactory]?[0;39m: Autowiring by type from bean name 'jsonMixinModule' via factory method to bean named 'org.springframework.web.context.support.GenericWebApplicationContext@4c59e45e'
2024-11-21 21:14:53,704 ?[39m[DEBUG]?[0;39m [Test worker] ?[35m[o.s.b.f.s.DefaultListableBeanFactory]?[0;39m: Autowiring by type from bean name 'jsonMixinModule' via factory method to bean named 'jsonMixinModuleEntries'
2024-11-21 21:14:53,705 ?[39m[DEBUG]?[0;39m [Test worker] ?[35m[o.s.b.f.s.DefaultListableBeanFactory]?[0;39m: Creating shared instance of singleton bean 'jsonComponentModule'
2024-11-21 21:14:53,705 ?[39m[DEBUG]?[0;39m [Test worker] ?[35m[o.s.b.f.s.DefaultListableBeanFactory]?[0;39m: Creating shared instance of singleton bean 'org.springframework.boot.autoconfigure.jackson.JacksonAutoConfiguration'
2024-11-21 21:14:53,708 ?[39m[DEBUG]?[0;39m [Test worker] ?[35m[o.s.b.f.s.DefaultListableBeanFactory]?[0;39m: Autowiring by type from bean name 'jacksonObjectMapperBuilder' via factory method to bean named 'org.springframework.web.context.support.GenericWebApplicationContext@4c59e45e'
2024-11-21 21:14:53,708 ?[39m[DEBUG]?[0;39m [Test worker] ?[35m[o.s.b.f.s.DefaultListableBeanFactory]?[0;39m: Autowiring by type from bean name 'jacksonObjectMapperBuilder' via factory method to bean named 'standardJacksonObjectMapperBuilderCustomizer'
2024-11-21 21:14:53,711 ?[39m[DEBUG]?[0;39m [Test worker] ?[35m[o.s.b.f.s.DefaultListableBeanFactory]?[0;39m: Autowiring by type from bean name 'jacksonObjectMapper' via factory method to bean named 'jacksonObjectMapperBuilder'
2024-11-21 21:14:53,723 ?[39m[DEBUG]?[0;39m [Test worker] ?[35m[o.s.b.f.s.DefaultListableBeanFactory]?[0;39m: Autowiring by type from bean name 'mappingJackson2HttpMessageConverter' via factory method to bean named 'jacksonObjectMapper'
2024-11-21 21:14:53,730 ?[39m[DEBUG]?[0;39m [Test worker] ?[35m[o.s.b.f.s.DefaultListableBeanFactory]?[0;39m: Creating shared instance of singleton bean 'resourceHandlerMapping'
2024-11-21 21:14:53,731 ?[39m[DEBUG]?[0;39m [Test worker] ?[35m[o.s.b.f.s.DefaultListableBeanFactory]?[0;39m: Autowiring by type from bean name 'resourceHandlerMapping' via factory method to bean named 'mvcContentNegotiationManager'
2024-11-21 21:14:53,731 ?[39m[DEBUG]?[0;39m [Test worker] ?[35m[o.s.b.f.s.DefaultListableBeanFactory]?[0;39m: Autowiring by type from bean name 'resourceHandlerMapping' via factory method to bean named 'mvcConversionService'
2024-11-21 21:14:53,731 ?[39m[DEBUG]?[0;39m [Test worker] ?[35m[o.s.b.f.s.DefaultListableBeanFactory]?[0;39m: Autowiring by type from bean name 'resourceHandlerMapping' via factory method to bean named 'mvcResourceUrlProvider'
2024-11-21 21:14:53,738 ?[39m[DEBUG]?[0;39m [Test worker] ?[35m[_.s.w.s.HandlerMapping.Mappings]?[0;39m: 'resourceHandlerMapping' {/webjars/**=ResourceHttpRequestHandler [classpath [META-INF/resources/webjars/]], /**=ResourceHttpRequestHandler [classpath [META-INF/resources/], classpath [resources/], classpath [static/], classpath [public/], ServletContext [/]]}
2024-11-21 21:14:53,739 ?[39m[DEBUG]?[0;39m [Test worker] ?[35m[o.s.b.f.s.DefaultListableBeanFactory]?[0;39m: Creating shared instance of singleton bean 'defaultServletHandlerMapping'
2024-11-21 21:14:53,740 ?[39m[DEBUG]?[0;39m [Test worker] ?[35m[o.s.b.f.s.DefaultListableBeanFactory]?[0;39m: Creating shared instance of singleton bean 'requestMappingHandlerAdapter'
2024-11-21 21:14:53,740 ?[39m[DEBUG]?[0;39m [Test worker] ?[35m[o.s.b.f.s.DefaultListableBeanFactory]?[0;39m: Autowiring by type from bean name 'requestMappingHandlerAdapter' via factory method to bean named 'mvcContentNegotiationManager'
2024-11-21 21:14:53,741 ?[39m[DEBUG]?[0;39m [Test worker] ?[35m[o.s.b.f.s.DefaultListableBeanFactory]?[0;39m: Autowiring by type from bean name 'requestMappingHandlerAdapter' via factory method to bean named 'mvcConversionService'
2024-11-21 21:14:53,741 ?[39m[DEBUG]?[0;39m [Test worker] ?[35m[o.s.b.f.s.DefaultListableBeanFactory]?[0;39m: Autowiring by type from bean name 'requestMappingHandlerAdapter' via factory method to bean named 'mvcValidator'
2024-11-21 21:14:53,748 ?[39m[DEBUG]?[0;39m [Test worker] ?[35m[o.s.b.f.s.DefaultListableBeanFactory]?[0;39m: Creating shared instance of singleton bean 'applicationTaskExecutor'
2024-11-21 21:14:53,748 ?[39m[DEBUG]?[0;39m [Test worker] ?[35m[o.s.b.f.s.DefaultListableBeanFactory]?[0;39m: Autowiring by type from bean name 'applicationTaskExecutor' via factory method to bean named 'taskExecutorBuilder'
2024-11-21 21:14:53,753 ?[39m[DEBUG]?[0;39m [Test worker] ?[35m[o.s.s.c.ThreadPoolTaskExecutor]?[0;39m: Initializing ExecutorService 'applicationTaskExecutor'
2024-11-21 21:14:53,764 ?[39m[DEBUG]?[0;39m [Test worker] ?[35m[o.s.w.s.m.m.a.RequestMappingHandlerAdapter]?[0;39m: ControllerAdvice beans: 0 @ModelAttribute, 0 @InitBinder, 1 RequestBodyAdvice, 1 ResponseBodyAdvice
2024-11-21 21:14:53,785 ?[39m[DEBUG]?[0;39m [Test worker] ?[35m[o.s.b.f.s.DefaultListableBeanFactory]?[0;39m: Creating shared instance of singleton bean 'handlerFunctionAdapter'
2024-11-21 21:14:53,786 ?[39m[DEBUG]?[0;39m [Test worker] ?[35m[o.s.b.f.s.DefaultListableBeanFactory]?[0;39m: Creating shared instance of singleton bean 'mvcUriComponentsContributor'
2024-11-21 21:14:53,787 ?[39m[DEBUG]?[0;39m [Test worker] ?[35m[o.s.b.f.s.DefaultListableBeanFactory]?[0;39m: Autowiring by type from bean name 'mvcUriComponentsContributor' via factory method to bean named 'mvcConversionService'
2024-11-21 21:14:53,787 ?[39m[DEBUG]?[0;39m [Test worker] ?[35m[o.s.b.f.s.DefaultListableBeanFactory]?[0;39m: Autowiring by type from bean name 'mvcUriComponentsContributor' via factory method to bean named 'requestMappingHandlerAdapter'
2024-11-21 21:14:53,788 ?[39m[DEBUG]?[0;39m [Test worker] ?[35m[o.s.b.f.s.DefaultListableBeanFactory]?[0;39m: Creating shared instance of singleton bean 'httpRequestHandlerAdapter'
2024-11-21 21:14:53,789 ?[39m[DEBUG]?[0;39m [Test worker] ?[35m[o.s.b.f.s.DefaultListableBeanFactory]?[0;39m: Creating shared instance of singleton bean 'simpleControllerHandlerAdapter'
2024-11-21 21:14:53,789 ?[39m[DEBUG]?[0;39m [Test worker] ?[35m[o.s.b.f.s.DefaultListableBeanFactory]?[0;39m: Creating shared instance of singleton bean 'handlerExceptionResolver'
2024-11-21 21:14:53,789 ?[39m[DEBUG]?[0;39m [Test worker] ?[35m[o.s.b.f.s.DefaultListableBeanFactory]?[0;39m: Autowiring by type from bean name 'handlerExceptionResolver' via factory method to bean named 'mvcContentNegotiationManager'
2024-11-21 21:14:53,791 ?[39m[DEBUG]?[0;39m [Test worker] ?[35m[o.s.w.s.m.m.a.ExceptionHandlerExceptionResolver]?[0;39m: ControllerAdvice beans: 0 @ExceptionHandler, 1 ResponseBodyAdvice
2024-11-21 21:14:53,793 ?[39m[DEBUG]?[0;39m [Test worker] ?[35m[o.s.b.f.s.DefaultListableBeanFactory]?[0;39m: Creating shared instance of singleton bean 'mvcViewResolver'
2024-11-21 21:14:53,793 ?[39m[DEBUG]?[0;39m [Test worker] ?[35m[o.s.b.f.s.DefaultListableBeanFactory]?[0;39m: Autowiring by type from bean name 'mvcViewResolver' via factory method to bean named 'mvcContentNegotiationManager'
2024-11-21 21:14:53,796 ?[39m[DEBUG]?[0;39m [Test worker] ?[35m[o.s.b.f.s.DefaultListableBeanFactory]?[0;39m: Creating shared instance of singleton bean 'viewNameTranslator'
2024-11-21 21:14:53,796 ?[39m[DEBUG]?[0;39m [Test worker] ?[35m[o.s.b.f.s.DefaultListableBeanFactory]?[0;39m: Creating shared instance of singleton bean 'defaultViewResolver'
2024-11-21 21:14:53,801 ?[39m[DEBUG]?[0;39m [Test worker] ?[35m[o.s.b.f.s.DefaultListableBeanFactory]?[0;39m: Creating shared instance of singleton bean 'viewResolver'
2024-11-21 21:14:53,801 ?[39m[DEBUG]?[0;39m [Test worker] ?[35m[o.s.b.f.s.DefaultListableBeanFactory]?[0;39m: Autowiring by type from bean name 'viewResolver' via factory method to bean named 'org.springframework.beans.factory.support.DefaultListableBeanFactory@140d1230'
2024-11-21 21:14:53,802 ?[39m[DEBUG]?[0;39m [Test worker] ?[35m[o.s.b.f.s.DefaultListableBeanFactory]?[0;39m: Creating shared instance of singleton bean 'viewResolver'
2024-11-21 21:14:53,803 ?[39m[DEBUG]?[0;39m [Test worker] ?[35m[o.s.b.f.s.DefaultListableBeanFactory]?[0;39m: Creating shared instance of singleton bean 'requestContextFilter'
2024-11-21 21:14:53,805 ?[39m[DEBUG]?[0;39m [Test worker] ?[35m[o.s.b.f.s.DefaultListableBeanFactory]?[0;39m: Creating shared instance of singleton bean 'org.springframework.boot.autoconfigure.web.servlet.WebMvcAutoConfiguration'
2024-11-21 21:14:53,805 ?[39m[DEBUG]?[0;39m [Test worker] ?[35m[o.s.b.f.s.DefaultListableBeanFactory]?[0;39m: Creating shared instance of singleton bean 'formContentFilter'
2024-11-21 21:14:53,807 ?[39m[DEBUG]?[0;39m [Test worker] ?[35m[o.s.b.f.s.DefaultListableBeanFactory]?[0;39m: Creating shared instance of singleton bean 'configPropsSingleton'
2024-11-21 21:14:53,807 ?[39m[DEBUG]?[0;39m [Test worker] ?[35m[o.s.b.f.s.DefaultListableBeanFactory]?[0;39m: Autowiring by type from bean name 'configPropsSingleton' via factory method to bean named 'envCopy'
2024-11-21 21:14:53,808 ?[39m[DEBUG]?[0;39m [Test worker] ?[35m[o.s.b.f.s.DefaultListableBeanFactory]?[0;39m: Creating shared instance of singleton bean 'com.ulisesbocchio.jasyptspringboot.configuration.CachingConfiguration'
2024-11-21 21:14:53,808 ?[39m[DEBUG]?[0;39m [Test worker] ?[35m[o.s.b.f.s.DefaultListableBeanFactory]?[0;39m: Creating shared instance of singleton bean 'refreshScopeRefreshedEventListener'
2024-11-21 21:14:53,809 ?[39m[DEBUG]?[0;39m [Test worker] ?[35m[o.s.b.f.s.DefaultListableBeanFactory]?[0;39m: Autowiring by type from bean name 'refreshScopeRefreshedEventListener' via factory method to bean named 'environment'
2024-11-21 21:14:53,809 ?[39m[DEBUG]?[0;39m [Test worker] ?[35m[o.s.b.f.s.DefaultListableBeanFactory]?[0;39m: Autowiring by type from bean name 'refreshScopeRefreshedEventListener' via factory method to bean named 'encryptablePropertySourceConverter'
2024-11-21 21:14:53,809 ?[39m[DEBUG]?[0;39m [Test worker] ?[35m[o.s.b.f.s.DefaultListableBeanFactory]?[0;39m: Autowiring by type from bean name 'refreshScopeRefreshedEventListener' via factory method to bean named 'configPropsSingleton'
2024-11-21 21:14:53,814 ?[39m[DEBUG]?[0;39m [Test worker] ?[35m[o.s.b.f.s.DefaultListableBeanFactory]?[0;39m: Creating shared instance of singleton bean 'com.ulisesbocchio.jasyptspringboot.configuration.EnableEncryptablePropertiesConfiguration'
2024-11-21 21:14:53,814 ?[39m[DEBUG]?[0;39m [Test worker] ?[35m[o.s.b.f.s.DefaultListableBeanFactory]?[0;39m: Creating shared instance of singleton bean 'com.ulisesbocchio.jasyptspringbootstarter.JasyptSpringBootAutoConfiguration'
2024-11-21 21:14:53,814 ?[39m[DEBUG]?[0;39m [Test worker] ?[35m[o.s.b.f.s.DefaultListableBeanFactory]?[0;39m: Creating shared instance of singleton bean 'org.mybatis.spring.boot.autoconfigure.MybatisLanguageDriverAutoConfiguration'
2024-11-21 21:14:53,814 ?[39m[DEBUG]?[0;39m [Test worker] ?[35m[o.s.b.f.s.DefaultListableBeanFactory]?[0;39m: Creating shared instance of singleton bean 'org.springframework.boot.autoconfigure.jdbc.metadata.DataSourcePoolMetadataProvidersConfiguration$HikariPoolDataSourceMetadataProviderConfiguration'
2024-11-21 21:14:53,815 ?[39m[DEBUG]?[0;39m [Test worker] ?[35m[o.s.b.f.s.DefaultListableBeanFactory]?[0;39m: Creating shared instance of singleton bean 'hikariPoolDataSourceMetadataProvider'
2024-11-21 21:14:53,815 ?[39m[DEBUG]?[0;39m [Test worker] ?[35m[o.s.b.f.s.DefaultListableBeanFactory]?[0;39m: Creating shared instance of singleton bean 'org.springframework.boot.autoconfigure.jdbc.metadata.DataSourcePoolMetadataProvidersConfiguration'
2024-11-21 21:14:53,815 ?[39m[DEBUG]?[0;39m [Test worker] ?[35m[o.s.b.f.s.DefaultListableBeanFactory]?[0;39m: Creating shared instance of singleton bean 'org.springframework.boot.autoconfigure.jdbc.DataSourceAutoConfiguration'
2024-11-21 21:14:53,816 ?[39m[DEBUG]?[0;39m [Test worker] ?[35m[o.s.b.f.s.DefaultListableBeanFactory]?[0;39m: Creating shared instance of singleton bean 'spring.datasource-org.springframework.boot.autoconfigure.jdbc.DataSourceProperties'
2024-11-21 21:14:53,820 ?[39m[DEBUG]?[0;39m [Test worker] ?[35m[o.s.b.f.s.DefaultListableBeanFactory]?[0;39m: Creating shared instance of singleton bean 'org.mybatis.spring.boot.autoconfigure.MybatisAutoConfiguration$MapperScannerRegistrarNotFoundConfiguration'
2024-11-21 21:14:53,821 ?[39m[DEBUG]?[0;39m [Test worker] ?[35m[o.m.s.b.a.MybatisAutoConfiguration]?[0;39m: Not found configuration for registering mapper bean using @MapperScan, MapperFactoryBean and MapperScannerConfigurer.
2024-11-21 21:14:53,821 ?[39m[DEBUG]?[0;39m [Test worker] ?[35m[o.s.b.f.s.DefaultListableBeanFactory]?[0;39m: Creating shared instance of singleton bean 'org.mybatis.spring.boot.autoconfigure.MybatisAutoConfiguration'
2024-11-21 21:14:53,822 ?[39m[DEBUG]?[0;39m [Test worker] ?[35m[o.s.b.f.s.DefaultListableBeanFactory]?[0;39m: Creating shared instance of singleton bean 'mybatis-org.mybatis.spring.boot.autoconfigure.MybatisProperties'
2024-11-21 21:14:53,824 ?[39m[DEBUG]?[0;39m [Test worker] ?[35m[o.s.b.f.s.DefaultListableBeanFactory]?[0;39m: Autowiring by type from bean name 'org.mybatis.spring.boot.autoconfigure.MybatisAutoConfiguration' via constructor to bean named 'mybatis-org.mybatis.spring.boot.autoconfigure.MybatisProperties'
2024-11-21 21:14:53,825 ?[39m[DEBUG]?[0;39m [Test worker] ?[35m[o.s.b.f.s.DefaultListableBeanFactory]?[0;39m: Autowiring by type from bean name 'org.mybatis.spring.boot.autoconfigure.MybatisAutoConfiguration' via constructor to bean named 'org.springframework.web.context.support.GenericWebApplicationContext@4c59e45e'
2024-11-21 21:14:53,827 ?[39m[DEBUG]?[0;39m [Test worker] ?[35m[o.s.b.f.s.DefaultListableBeanFactory]?[0;39m: Creating shared instance of singleton bean 'dataSourceScriptDatabaseInitializer'
2024-11-21 21:14:53,828 ?[39m[DEBUG]?[0;39m [Test worker] ?[35m[o.s.b.f.s.DefaultListableBeanFactory]?[0;39m: Creating shared instance of singleton bean 'org.springframework.boot.autoconfigure.sql.init.DataSourceInitializationConfiguration'
2024-11-21 21:14:53,828 ?[39m[DEBUG]?[0;39m [Test worker] ?[35m[o.s.b.f.s.DefaultListableBeanFactory]?[0;39m: Creating shared instance of singleton bean 'spring.sql.init-org.springframework.boot.autoconfigure.sql.init.SqlInitializationProperties'
2024-11-21 21:14:53,830 ?[39m[DEBUG]?[0;39m [Test worker] ?[35m[o.s.b.f.s.DefaultListableBeanFactory]?[0;39m: Autowiring by type from bean name 'dataSourceScriptDatabaseInitializer' via factory method to bean named 'dataSource'
2024-11-21 21:14:53,830 ?[39m[DEBUG]?[0;39m [Test worker] ?[35m[o.s.b.f.s.DefaultListableBeanFactory]?[0;39m: Autowiring by type from bean name 'dataSourceScriptDatabaseInitializer' via factory method to bean named 'spring.sql.init-org.springframework.boot.autoconfigure.sql.init.SqlInitializationProperties'
2024-11-21 21:14:53,833 ?[39m[DEBUG]?[0;39m [Test worker] ?[35m[o.s.b.f.s.DefaultListableBeanFactory]?[0;39m: Creating shared instance of singleton bean 'sqlSessionTemplate'
2024-11-21 21:14:53,834 ?[39m[DEBUG]?[0;39m [Test worker] ?[35m[o.s.b.f.s.DefaultListableBeanFactory]?[0;39m: Autowiring by type from bean name 'sqlSessionTemplate' via factory method to bean named 'sqlSessionFactory'
2024-11-21 21:14:53,834 ?[39m[DEBUG]?[0;39m [Test worker] ?[35m[o.s.b.f.s.DefaultListableBeanFactory]?[0;39m: Creating shared instance of singleton bean 'org.springframework.boot.autoconfigure.aop.AopAutoConfiguration$ClassProxyingConfiguration'
2024-11-21 21:14:53,835 ?[39m[DEBUG]?[0;39m [Test worker] ?[35m[o.s.b.f.s.DefaultListableBeanFactory]?[0;39m: Creating shared instance of singleton bean 'org.springframework.boot.autoconfigure.aop.AopAutoConfiguration'
2024-11-21 21:14:53,835 ?[39m[DEBUG]?[0;39m [Test worker] ?[35m[o.s.b.f.s.DefaultListableBeanFactory]?[0;39m: Creating shared instance of singleton bean 'org.springframework.boot.autoconfigure.availability.ApplicationAvailabilityAutoConfiguration'
2024-11-21 21:14:53,835 ?[39m[DEBUG]?[0;39m [Test worker] ?[35m[o.s.b.f.s.DefaultListableBeanFactory]?[0;39m: Creating shared instance of singleton bean 'applicationAvailability'
2024-11-21 21:14:53,837 ?[39m[DEBUG]?[0;39m [Test worker] ?[35m[o.s.b.f.s.DefaultListableBeanFactory]?[0;39m: Creating shared instance of singleton bean 'org.springframework.boot.autoconfigure.transaction.TransactionManagerCustomizationAutoConfiguration'
2024-11-21 21:14:53,837 ?[39m[DEBUG]?[0;39m [Test worker] ?[35m[o.s.b.f.s.DefaultListableBeanFactory]?[0;39m: Creating shared instance of singleton bean 'platformTransactionManagerCustomizers'
2024-11-21 21:14:53,838 ?[39m[DEBUG]?[0;39m [Test worker] ?[35m[o.s.b.f.s.DefaultListableBeanFactory]?[0;39m: Creating shared instance of singleton bean 'transactionExecutionListeners'
2024-11-21 21:14:53,839 ?[39m[DEBUG]?[0;39m [Test worker] ?[35m[o.s.b.f.s.DefaultListableBeanFactory]?[0;39m: Creating shared instance of singleton bean 'spring.transaction-org.springframework.boot.autoconfigure.transaction.TransactionProperties'
2024-11-21 21:14:53,841 ?[39m[DEBUG]?[0;39m [Test worker] ?[35m[o.s.b.f.s.DefaultListableBeanFactory]?[0;39m: Creating shared instance of singleton bean 'org.springframework.boot.autoconfigure.context.ConfigurationPropertiesAutoConfiguration'
2024-11-21 21:14:53,841 ?[39m[DEBUG]?[0;39m [Test worker] ?[35m[o.s.b.f.s.DefaultListableBeanFactory]?[0;39m: Creating shared instance of singleton bean 'org.springframework.boot.autoconfigure.context.LifecycleAutoConfiguration'
2024-11-21 21:14:53,841 ?[39m[DEBUG]?[0;39m [Test worker] ?[35m[o.s.b.f.s.DefaultListableBeanFactory]?[0;39m: Creating shared instance of singleton bean 'lifecycleProcessor'
2024-11-21 21:14:53,842 ?[39m[DEBUG]?[0;39m [Test worker] ?[35m[o.s.b.f.s.DefaultListableBeanFactory]?[0;39m: Creating shared instance of singleton bean 'spring.lifecycle-org.springframework.boot.autoconfigure.context.LifecycleProperties'
2024-11-21 21:14:53,842 ?[39m[DEBUG]?[0;39m [Test worker] ?[35m[o.s.b.f.s.DefaultListableBeanFactory]?[0;39m: Autowiring by type from bean name 'lifecycleProcessor' via factory method to bean named 'spring.lifecycle-org.springframework.boot.autoconfigure.context.LifecycleProperties'
2024-11-21 21:14:53,844 ?[39m[DEBUG]?[0;39m [Test worker] ?[35m[o.s.b.f.s.DefaultListableBeanFactory]?[0;39m: Creating shared instance of singleton bean 'org.springframework.boot.autoconfigure.dao.PersistenceExceptionTranslationAutoConfiguration'
2024-11-21 21:14:53,844 ?[39m[DEBUG]?[0;39m [Test worker] ?[35m[o.s.b.f.s.DefaultListableBeanFactory]?[0;39m: Creating shared instance of singleton bean 'org.springframework.boot.autoconfigure.http.JacksonHttpMessageConvertersConfiguration'
2024-11-21 21:14:53,844 ?[39m[DEBUG]?[0;39m [Test worker] ?[35m[o.s.b.f.s.DefaultListableBeanFactory]?[0;39m: Creating shared instance of singleton bean 'org.springframework.boot.autoconfigure.info.ProjectInfoAutoConfiguration'
2024-11-21 21:14:53,846 ?[39m[DEBUG]?[0;39m [Test worker] ?[35m[o.s.b.f.s.DefaultListableBeanFactory]?[0;39m: Creating shared instance of singleton bean 'spring.info-org.springframework.boot.autoconfigure.info.ProjectInfoProperties'
2024-11-21 21:14:53,847 ?[39m[DEBUG]?[0;39m [Test worker] ?[35m[o.s.b.f.s.DefaultListableBeanFactory]?[0;39m: Autowiring by type from bean name 'org.springframework.boot.autoconfigure.info.ProjectInfoAutoConfiguration' via constructor to bean named 'spring.info-org.springframework.boot.autoconfigure.info.ProjectInfoProperties'
2024-11-21 21:14:53,847 ?[39m[DEBUG]?[0;39m [Test worker] ?[35m[o.s.b.f.s.DefaultListableBeanFactory]?[0;39m: Creating shared instance of singleton bean 'org.springframework.boot.autoconfigure.jdbc.JdbcTemplateConfiguration'
2024-11-21 21:14:53,848 ?[39m[DEBUG]?[0;39m [Test worker] ?[35m[o.s.b.f.s.DefaultListableBeanFactory]?[0;39m: Creating shared instance of singleton bean 'jdbcTemplate'
2024-11-21 21:14:53,848 ?[39m[DEBUG]?[0;39m [Test worker] ?[35m[o.s.b.f.s.DefaultListableBeanFactory]?[0;39m: Creating shared instance of singleton bean 'spring.jdbc-org.springframework.boot.autoconfigure.jdbc.JdbcProperties'
2024-11-21 21:14:53,849 ?[39m[DEBUG]?[0;39m [Test worker] ?[35m[o.s.b.f.s.DefaultListableBeanFactory]?[0;39m: Autowiring by type from bean name 'jdbcTemplate' via factory method to bean named 'dataSource'
2024-11-21 21:14:53,849 ?[39m[DEBUG]?[0;39m [Test worker] ?[35m[o.s.b.f.s.DefaultListableBeanFactory]?[0;39m: Autowiring by type from bean name 'jdbcTemplate' via factory method to bean named 'spring.jdbc-org.springframework.boot.autoconfigure.jdbc.JdbcProperties'
2024-11-21 21:14:53,858 ?[39m[DEBUG]?[0;39m [Test worker] ?[35m[o.s.b.f.s.DefaultListableBeanFactory]?[0;39m: Creating shared instance of singleton bean 'org.springframework.boot.autoconfigure.jdbc.NamedParameterJdbcTemplateConfiguration'
2024-11-21 21:14:53,858 ?[39m[DEBUG]?[0;39m [Test worker] ?[35m[o.s.b.f.s.DefaultListableBeanFactory]?[0;39m: Creating shared instance of singleton bean 'namedParameterJdbcTemplate'
2024-11-21 21:14:53,859 ?[39m[DEBUG]?[0;39m [Test worker] ?[35m[o.s.b.f.s.DefaultListableBeanFactory]?[0;39m: Autowiring by type from bean name 'namedParameterJdbcTemplate' via factory method to bean named 'jdbcTemplate'
2024-11-21 21:14:53,862 ?[39m[DEBUG]?[0;39m [Test worker] ?[35m[o.s.b.f.s.DefaultListableBeanFactory]?[0;39m: Creating shared instance of singleton bean 'org.springframework.boot.autoconfigure.jdbc.JdbcTemplateAutoConfiguration'
2024-11-21 21:14:53,862 ?[39m[DEBUG]?[0;39m [Test worker] ?[35m[o.s.b.f.s.DefaultListableBeanFactory]?[0;39m: Creating shared instance of singleton bean 'org.springframework.boot.autoconfigure.jdbc.JdbcClientAutoConfiguration'
2024-11-21 21:14:53,862 ?[39m[DEBUG]?[0;39m [Test worker] ?[35m[o.s.b.f.s.DefaultListableBeanFactory]?[0;39m: Creating shared instance of singleton bean 'jdbcClient'
2024-11-21 21:14:53,863 ?[39m[DEBUG]?[0;39m [Test worker] ?[35m[o.s.b.f.s.DefaultListableBeanFactory]?[0;39m: Autowiring by type from bean name 'jdbcClient' via factory method to bean named 'namedParameterJdbcTemplate'
2024-11-21 21:14:53,864 ?[39m[DEBUG]?[0;39m [Test worker] ?[35m[o.s.b.f.s.DefaultListableBeanFactory]?[0;39m: Creating shared instance of singleton bean 'org.springframework.boot.autoconfigure.sql.init.SqlInitializationAutoConfiguration'
2024-11-21 21:14:53,864 ?[39m[DEBUG]?[0;39m [Test worker] ?[35m[o.s.b.f.s.DefaultListableBeanFactory]?[0;39m: Creating shared instance of singleton bean 'org.springframework.boot.autoconfigure.task.TaskSchedulingConfigurations$ThreadPoolTaskSchedulerBuilderConfiguration'
2024-11-21 21:14:53,864 ?[39m[DEBUG]?[0;39m [Test worker] ?[35m[o.s.b.f.s.DefaultListableBeanFactory]?[0;39m: Creating shared instance of singleton bean 'threadPoolTaskSchedulerBuilder'
2024-11-21 21:14:53,865 ?[39m[DEBUG]?[0;39m [Test worker] ?[35m[o.s.b.f.s.DefaultListableBeanFactory]?[0;39m: Creating shared instance of singleton bean 'spring.task.scheduling-org.springframework.boot.autoconfigure.task.TaskSchedulingProperties'
2024-11-21 21:14:53,866 ?[39m[DEBUG]?[0;39m [Test worker] ?[35m[o.s.b.f.s.DefaultListableBeanFactory]?[0;39m: Autowiring by type from bean name 'threadPoolTaskSchedulerBuilder' via factory method to bean named 'spring.task.scheduling-org.springframework.boot.autoconfigure.task.TaskSchedulingProperties'
2024-11-21 21:14:53,868 ?[39m[DEBUG]?[0;39m [Test worker] ?[35m[o.s.b.f.s.DefaultListableBeanFactory]?[0;39m: Creating shared instance of singleton bean 'org.springframework.boot.autoconfigure.task.TaskSchedulingConfigurations$TaskSchedulerBuilderConfiguration'
2024-11-21 21:14:53,868 ?[39m[DEBUG]?[0;39m [Test worker] ?[35m[o.s.b.f.s.DefaultListableBeanFactory]?[0;39m: Creating shared instance of singleton bean 'taskSchedulerBuilder'
2024-11-21 21:14:53,868 ?[39m[DEBUG]?[0;39m [Test worker] ?[35m[o.s.b.f.s.DefaultListableBeanFactory]?[0;39m: Autowiring by type from bean name 'taskSchedulerBuilder' via factory method to bean named 'spring.task.scheduling-org.springframework.boot.autoconfigure.task.TaskSchedulingProperties'
2024-11-21 21:14:53,869 ?[39m[DEBUG]?[0;39m [Test worker] ?[35m[o.s.b.f.s.DefaultListableBeanFactory]?[0;39m: Creating shared instance of singleton bean 'org.springframework.boot.autoconfigure.task.TaskSchedulingConfigurations$SimpleAsyncTaskSchedulerBuilderConfiguration'
2024-11-21 21:14:53,869 ?[39m[DEBUG]?[0;39m [Test worker] ?[35m[o.s.b.f.s.DefaultListableBeanFactory]?[0;39m: Autowiring by type from bean name 'org.springframework.boot.autoconfigure.task.TaskSchedulingConfigurations$SimpleAsyncTaskSchedulerBuilderConfiguration' via constructor to bean named 'spring.task.scheduling-org.springframework.boot.autoconfigure.task.TaskSchedulingProperties'
2024-11-21 21:14:53,870 ?[39m[DEBUG]?[0;39m [Test worker] ?[35m[o.s.b.f.s.DefaultListableBeanFactory]?[0;39m: Creating shared instance of singleton bean 'simpleAsyncTaskSchedulerBuilder'
2024-11-21 21:14:53,871 ?[39m[DEBUG]?[0;39m [Test worker] ?[35m[o.s.b.f.s.DefaultListableBeanFactory]?[0;39m: Creating shared instance of singleton bean 'org.springframework.boot.autoconfigure.task.TaskSchedulingAutoConfiguration'
2024-11-21 21:14:53,872 ?[39m[DEBUG]?[0;39m [Test worker] ?[35m[o.s.b.f.s.DefaultListableBeanFactory]?[0;39m: Creating shared instance of singleton bean 'org.springframework.boot.autoconfigure.jdbc.DataSourceTransactionManagerAutoConfiguration$JdbcTransactionManagerConfiguration'
2024-11-21 21:14:53,872 ?[39m[DEBUG]?[0;39m [Test worker] ?[35m[o.s.b.f.s.DefaultListableBeanFactory]?[0;39m: Creating shared instance of singleton bean 'transactionManager'
2024-11-21 21:14:53,872 ?[39m[DEBUG]?[0;39m [Test worker] ?[35m[o.s.b.f.s.DefaultListableBeanFactory]?[0;39m: Autowiring by type from bean name 'transactionManager' via factory method to bean named 'environment'
2024-11-21 21:14:53,872 ?[39m[DEBUG]?[0;39m [Test worker] ?[35m[o.s.b.f.s.DefaultListableBeanFactory]?[0;39m: Autowiring by type from bean name 'transactionManager' via factory method to bean named 'dataSource'
2024-11-21 21:14:53,876 ?[39m[DEBUG]?[0;39m [Test worker] ?[35m[o.s.b.f.s.DefaultListableBeanFactory]?[0;39m: Creating shared instance of singleton bean 'org.springframework.boot.autoconfigure.jdbc.DataSourceTransactionManagerAutoConfiguration'
2024-11-21 21:14:53,876 ?[39m[DEBUG]?[0;39m [Test worker] ?[35m[o.s.b.f.s.DefaultListableBeanFactory]?[0;39m: Creating shared instance of singleton bean 'org.springframework.boot.autoconfigure.transaction.TransactionAutoConfiguration$TransactionTemplateConfiguration'
2024-11-21 21:14:53,877 ?[39m[DEBUG]?[0;39m [Test worker] ?[35m[o.s.b.f.s.DefaultListableBeanFactory]?[0;39m: Creating shared instance of singleton bean 'transactionTemplate'
2024-11-21 21:14:53,877 ?[39m[DEBUG]?[0;39m [Test worker] ?[35m[o.s.b.f.s.DefaultListableBeanFactory]?[0;39m: Autowiring by type from bean name 'transactionTemplate' via factory method to bean named 'transactionManager'
2024-11-21 21:14:53,878 ?[39m[DEBUG]?[0;39m [Test worker] ?[35m[o.s.b.f.s.DefaultListableBeanFactory]?[0;39m: Creating shared instance of singleton bean 'org.springframework.boot.autoconfigure.transaction.TransactionAutoConfiguration'
[...]

   TransactionAutoConfiguration.EnableTransactionManagementConfiguration.CglibAutoProxyConfiguration:
      Did not match:
         - Ancestor org.springframework.boot.autoconfigure.transaction.TransactionAutoConfiguration$EnableTransactionManagementConfiguration did not match (ConditionEvaluationReport.AncestorsMatchedCondition)
      Matched:
         - @ConditionalOnProperty (spring.aop.proxy-target-class=true) matched (OnPropertyCondition)

   TransactionAutoConfiguration.EnableTransactionManagementConfiguration.JdkDynamicAutoProxyConfiguration:
      Did not match:
         - @ConditionalOnProperty (spring.aop.proxy-target-class=false) did not find property 'proxy-target-class' (OnPropertyCondition)
         - Ancestor org.springframework.boot.autoconfigure.transaction.TransactionAutoConfiguration$EnableTransactionManagementConfiguration did not match (ConditionEvaluationReport.AncestorsMatchedCondition)

   UserDetailsServiceAutoConfiguration:
      Did not match:
         - @ConditionalOnClass did not find required class 'org.springframework.security.authentication.AuthenticationManager' (OnClassCondition)

   ValidationAutoConfiguration:
      Did not match:
         - @ConditionalOnClass did not find required class 'jakarta.validation.executable.ExecutableValidator' (OnClassCondition)

   WebClientAutoConfiguration:
      Did not match:
         - @ConditionalOnClass did not find required class 'org.springframework.web.reactive.function.client.WebClient' (OnClassCondition)

   WebFluxAutoConfiguration:
      Did not match:
         - @ConditionalOnClass did not find required class 'org.springframework.web.reactive.config.WebFluxConfigurer' (OnClassCondition)

   WebMvcAutoConfiguration#hiddenHttpMethodFilter:
      Did not match:
         - @ConditionalOnProperty (spring.mvc.hiddenmethod.filter.enabled) did not find property 'enabled' (OnPropertyCondition)

   WebMvcAutoConfiguration.ProblemDetailsErrorHandlingConfiguration:
      Did not match:
         - @ConditionalOnProperty (spring.mvc.problemdetails.enabled=true) did not find property 'enabled' (OnPropertyCondition)

   WebMvcAutoConfiguration.ResourceChainCustomizerConfiguration:
      Did not match:
         - @ConditionalOnEnabledResourceChain did not find class org.webjars.WebJarAssetLocator (OnEnabledResourceChainCondition)

   WebMvcAutoConfiguration.WebMvcAutoConfigurationAdapter#beanNameViewResolver:
      Did not match:
         - @ConditionalOnMissingBean (types: org.springframework.web.servlet.view.BeanNameViewResolver; SearchStrategy: all) found beans of type 'org.springframework.web.servlet.view.BeanNameViewResolver' beanNameViewResolver (OnBeanCondition)

   WebServiceTemplateAutoConfiguration:
      Did not match:
         - @ConditionalOnClass did not find required class 'org.springframework.oxm.Marshaller' (OnClassCondition)

   WebServicesAutoConfiguration:
      Did not match:
         - @ConditionalOnClass did not find required class 'org.springframework.ws.transport.http.MessageDispatcherServlet' (OnClassCondition)

   WebSessionIdResolverAutoConfiguration:
      Did not match:
         - @ConditionalOnClass did not find required class 'reactor.core.publisher.Mono' (OnClassCondition)

   WebSocketMessagingAutoConfiguration:
      Did not match:
         - @ConditionalOnClass did not find required class 'org.springframework.web.socket.config.annotation.WebSocketMessageBrokerConfigurer' (OnClassCondition)

   WebSocketReactiveAutoConfiguration:
      Did not match:
         - @ConditionalOnWebApplication did not find reactive web application classes (OnWebApplicationCondition)

   WebSocketServletAutoConfiguration.JettyWebSocketConfiguration:
      Did not match:
         - @ConditionalOnClass did not find required class 'org.eclipse.jetty.ee10.websocket.jakarta.server.config.JakartaWebSocketServletContainerInitializer' (OnClassCondition)

   WebSocketServletAutoConfiguration.UndertowWebSocketConfiguration:
      Did not match:
         - @ConditionalOnClass did not find required class 'io.undertow.websockets.jsr.Bootstrap' (OnClassCondition)

   XADataSourceAutoConfiguration:
      Did not match:
         - @ConditionalOnClass did not find required class 'jakarta.transaction.TransactionManager' (OnClassCondition)


Exclusions:
-----------

    None


Unconditional classes:
----------------------

    org.springframework.boot.autoconfigure.context.ConfigurationPropertiesAutoConfiguration

    org.springframework.boot.autoconfigure.ssl.SslAutoConfiguration

    org.springframework.boot.autoconfigure.context.LifecycleAutoConfiguration

    org.springframework.boot.autoconfigure.context.PropertyPlaceholderAutoConfiguration

    com.ulisesbocchio.jasyptspringbootstarter.JasyptSpringBootAutoConfiguration

    org.springframework.boot.autoconfigure.availability.ApplicationAvailabilityAutoConfiguration

    org.springframework.boot.autoconfigure.info.ProjectInfoAutoConfiguration



2024-11-21 21:14:53,919 ?[34m[INFO ]?[0;39m [Test worker] ?[35m[c.p.d.topic.service.TopicServiceTest]?[0;39m: Started TopicServiceTest in 1.528 seconds (process running for 2.351)
2024-11-21 21:14:53,920 ?[39m[DEBUG]?[0;39m [Test worker] ?[35m[o.s.b.a.ApplicationAvailabilityBean]?[0;39m: Application availability state LivenessState changed to CORRECT
2024-11-21 21:14:53,921 ?[39m[DEBUG]?[0;39m [Test worker] ?[35m[o.s.b.a.ApplicationAvailabilityBean]?[0;39m: Application availability state ReadinessState changed to ACCEPTING_TRAFFIC
2024-11-21 21:14:53,923 ?[39m[DEBUG]?[0;39m [Test worker] ?[35m[o.springframework.test.context.cache]?[0;39m: Spring test ApplicationContext cache statistics: [DefaultContextCache@8ac12e6 size = 1, maxSize = 32, parentContextCount = 0, hitCount = 0, missCount = 1, failureCount = 0]
2024-11-21 21:14:53,923 ?[39m[DEBUG]?[0;39m [Test worker] ?[35m[o.s.t.c.w.ServletTestExecutionListener]?[0;39m: Setting up MockHttpServletRequest, MockHttpServletResponse, ServletWebRequest, and RequestContextHolder for test class com.petnet.domain.topic.service.TopicServiceTest
2024-11-21 21:14:53,931 ?[39m[DEBUG]?[0;39m [Test worker] ?[35m[o.s.t.c.s.DependencyInjectionTestExecutionListener]?[0;39m: Performing dependency injection for test class com.petnet.domain.topic.service.TopicServiceTest
2024-11-21 21:14:53,931 ?[39m[DEBUG]?[0;39m [Test worker] ?[35m[o.springframework.test.context.cache]?[0;39m: Spring test ApplicationContext cache statistics: [DefaultContextCache@8ac12e6 size = 1, maxSize = 32, parentContextCount = 0, hitCount = 1, missCount = 1, failureCount = 0]
2024-11-21 21:14:53,932 ?[39m[DEBUG]?[0;39m [Test worker] ?[35m[o.springframework.test.context.cache]?[0;39m: Spring test ApplicationContext cache statistics: [DefaultContextCache@8ac12e6 size = 1, maxSize = 32, parentContextCount = 0, hitCount = 2, missCount = 1, failureCount = 0]
2024-11-21 21:14:53,935 ?[39m[DEBUG]?[0;39m [Test worker] ?[35m[o.s.t.c.s.DirtiesContextBeforeModesTestExecutionListener]?[0;39m: Before test method: class [TopicServiceTest], method [searchTopics], class annotated with @DirtiesContext [false] with mode [null], method annotated with @DirtiesContext [false] with mode [null]
2024-11-21 21:14:53,937 ?[39m[DEBUG]?[0;39m [Test worker] ?[35m[o.springframework.test.context.cache]?[0;39m: Spring test ApplicationContext cache statistics: [DefaultContextCache@8ac12e6 size = 1, maxSize = 32, parentContextCount = 0, hitCount = 3, missCount = 1, failureCount = 0]
2024-11-21 21:14:53,937 ?[39m[DEBUG]?[0;39m [Test worker] ?[35m[o.springframework.test.context.cache]?[0;39m: Spring test ApplicationContext cache statistics: [DefaultContextCache@8ac12e6 size = 1, maxSize = 32, parentContextCount = 0, hitCount = 4, missCount = 1, failureCount = 0]
2024-11-21 21:14:54,459 ?[39m[DEBUG]?[0;39m [Test worker] ?[35m[o.springframework.test.context.cache]?[0;39m: Spring test ApplicationContext cache statistics: [DefaultContextCache@8ac12e6 size = 1, maxSize = 32, parentContextCount = 0, hitCount = 5, missCount = 1, failureCount = 0]
2024-11-21 21:14:54,465 ?[39m[DEBUG]?[0;39m [Test worker] ?[35m[o.s.j.support.JdbcTransactionManager]?[0;39m: Creating new transaction with name [com.petnet.domain.topic.service.TopicServiceImpl.getTopics]: PROPAGATION_REQUIRED,ISOLATION_DEFAULT
2024-11-21 21:14:54,466 ?[39m[DEBUG]?[0;39m [Test worker] ?[35m[com.zaxxer.hikari.HikariConfig]?[0;39m: HikariPool-1 - configuration:
2024-11-21 21:14:54,468 ?[39m[DEBUG]?[0;39m [Test worker] ?[35m[com.zaxxer.hikari.HikariConfig]?[0;39m: allowPoolSuspension.............false
2024-11-21 21:14:54,468 ?[39m[DEBUG]?[0;39m [Test worker] ?[35m[com.zaxxer.hikari.HikariConfig]?[0;39m: autoCommit......................true
2024-11-21 21:14:54,468 ?[39m[DEBUG]?[0;39m [Test worker] ?[35m[com.zaxxer.hikari.HikariConfig]?[0;39m: catalog.........................none
2024-11-21 21:14:54,468 ?[39m[DEBUG]?[0;39m [Test worker] ?[35m[com.zaxxer.hikari.HikariConfig]?[0;39m: connectionInitSql...............none
2024-11-21 21:14:54,468 ?[39m[DEBUG]?[0;39m [Test worker] ?[35m[com.zaxxer.hikari.HikariConfig]?[0;39m: connectionTestQuery.............none
2024-11-21 21:14:54,468 ?[39m[DEBUG]?[0;39m [Test worker] ?[35m[com.zaxxer.hikari.HikariConfig]?[0;39m: connectionTimeout...............30000
2024-11-21 21:14:54,468 ?[39m[DEBUG]?[0;39m [Test worker] ?[35m[com.zaxxer.hikari.HikariConfig]?[0;39m: dataSource......................none
2024-11-21 21:14:54,468 ?[39m[DEBUG]?[0;39m [Test worker] ?[35m[com.zaxxer.hikari.HikariConfig]?[0;39m: dataSourceClassName.............none
2024-11-21 21:14:54,469 ?[39m[DEBUG]?[0;39m [Test worker] ?[35m[com.zaxxer.hikari.HikariConfig]?[0;39m: dataSourceJNDI..................none
2024-11-21 21:14:54,469 ?[39m[DEBUG]?[0;39m [Test worker] ?[35m[com.zaxxer.hikari.HikariConfig]?[0;39m: dataSourceProperties............{password=<masked>}
2024-11-21 21:14:54,469 ?[39m[DEBUG]?[0;39m [Test worker] ?[35m[com.zaxxer.hikari.HikariConfig]?[0;39m: driverClassName................."com.mysql.cj.jdbc.Driver"
2024-11-21 21:14:54,469 ?[39m[DEBUG]?[0;39m [Test worker] ?[35m[com.zaxxer.hikari.HikariConfig]?[0;39m: exceptionOverrideClassName......none
2024-11-21 21:14:54,469 ?[39m[DEBUG]?[0;39m [Test worker] ?[35m[com.zaxxer.hikari.HikariConfig]?[0;39m: healthCheckProperties...........{}
2024-11-21 21:14:54,469 ?[39m[DEBUG]?[0;39m [Test worker] ?[35m[com.zaxxer.hikari.HikariConfig]?[0;39m: healthCheckRegistry.............none
2024-11-21 21:14:54,469 ?[39m[DEBUG]?[0;39m [Test worker] ?[35m[com.zaxxer.hikari.HikariConfig]?[0;39m: idleTimeout.....................600000
2024-11-21 21:14:54,470 ?[39m[DEBUG]?[0;39m [Test worker] ?[35m[com.zaxxer.hikari.HikariConfig]?[0;39m: initializationFailTimeout.......1
2024-11-21 21:14:54,470 ?[39m[DEBUG]?[0;39m [Test worker] ?[35m[com.zaxxer.hikari.HikariConfig]?[0;39m: isolateInternalQueries..........false
2024-11-21 21:14:54,470 ?[39m[DEBUG]?[0;39m [Test worker] ?[35m[com.zaxxer.hikari.HikariConfig]?[0;39m: jdbcUrl.........................jdbc:mysql://localhost:3306/localpetnet
2024-11-21 21:14:54,470 ?[39m[DEBUG]?[0;39m [Test worker] ?[35m[com.zaxxer.hikari.HikariConfig]?[0;39m: keepaliveTime...................0
2024-11-21 21:14:54,470 ?[39m[DEBUG]?[0;39m [Test worker] ?[35m[com.zaxxer.hikari.HikariConfig]?[0;39m: leakDetectionThreshold..........0
2024-11-21 21:14:54,470 ?[39m[DEBUG]?[0;39m [Test worker] ?[35m[com.zaxxer.hikari.HikariConfig]?[0;39m: maxLifetime.....................1800000
2024-11-21 21:14:54,470 ?[39m[DEBUG]?[0;39m [Test worker] ?[35m[com.zaxxer.hikari.HikariConfig]?[0;39m: maximumPoolSize.................10
2024-11-21 21:14:54,471 ?[39m[DEBUG]?[0;39m [Test worker] ?[35m[com.zaxxer.hikari.HikariConfig]?[0;39m: metricRegistry..................none
2024-11-21 21:14:54,471 ?[39m[DEBUG]?[0;39m [Test worker] ?[35m[com.zaxxer.hikari.HikariConfig]?[0;39m: metricsTrackerFactory...........none
2024-11-21 21:14:54,471 ?[39m[DEBUG]?[0;39m [Test worker] ?[35m[com.zaxxer.hikari.HikariConfig]?[0;39m: minimumIdle.....................10
2024-11-21 21:14:54,471 ?[39m[DEBUG]?[0;39m [Test worker] ?[35m[com.zaxxer.hikari.HikariConfig]?[0;39m: password........................<masked>
2024-11-21 21:14:54,471 ?[39m[DEBUG]?[0;39m [Test worker] ?[35m[com.zaxxer.hikari.HikariConfig]?[0;39m: poolName........................"HikariPool-1"
2024-11-21 21:14:54,471 ?[39m[DEBUG]?[0;39m [Test worker] ?[35m[com.zaxxer.hikari.HikariConfig]?[0;39m: readOnly........................false
2024-11-21 21:14:54,471 ?[39m[DEBUG]?[0;39m [Test worker] ?[35m[com.zaxxer.hikari.HikariConfig]?[0;39m: registerMbeans..................false
2024-11-21 21:14:54,471 ?[39m[DEBUG]?[0;39m [Test worker] ?[35m[com.zaxxer.hikari.HikariConfig]?[0;39m: scheduledExecutor...............none
2024-11-21 21:14:54,471 ?[39m[DEBUG]?[0;39m [Test worker] ?[35m[com.zaxxer.hikari.HikariConfig]?[0;39m: schema..........................none
2024-11-21 21:14:54,471 ?[39m[DEBUG]?[0;39m [Test worker] ?[35m[com.zaxxer.hikari.HikariConfig]?[0;39m: threadFactory...................internal
2024-11-21 21:14:54,471 ?[39m[DEBUG]?[0;39m [Test worker] ?[35m[com.zaxxer.hikari.HikariConfig]?[0;39m: transactionIsolation............default
2024-11-21 21:14:54,471 ?[39m[DEBUG]?[0;39m [Test worker] ?[35m[com.zaxxer.hikari.HikariConfig]?[0;39m: username........................"root"
2024-11-21 21:14:54,472 ?[39m[DEBUG]?[0;39m [Test worker] ?[35m[com.zaxxer.hikari.HikariConfig]?[0;39m: validationTimeout...............5000
2024-11-21 21:14:54,472 ?[34m[INFO ]?[0;39m [Test worker] ?[35m[com.zaxxer.hikari.HikariDataSource]?[0;39m: HikariPool-1 - Starting...
2024-11-21 21:14:54,721 ?[34m[INFO ]?[0;39m [Test worker] ?[35m[com.zaxxer.hikari.pool.HikariPool]?[0;39m: HikariPool-1 - Added connection com.mysql.cj.jdbc.ConnectionImpl@21d3d6ec
2024-11-21 21:14:54,722 ?[34m[INFO ]?[0;39m [Test worker] ?[35m[com.zaxxer.hikari.HikariDataSource]?[0;39m: HikariPool-1 - Start completed.
2024-11-21 21:14:54,726 ?[39m[DEBUG]?[0;39m [Test worker] ?[35m[o.s.j.support.JdbcTransactionManager]?[0;39m: Acquired Connection [HikariProxyConnection@721720488 wrapping com.mysql.cj.jdbc.ConnectionImpl@21d3d6ec] for JDBC transaction
2024-11-21 21:14:54,728 ?[39m[DEBUG]?[0;39m [Test worker] ?[35m[o.s.j.support.JdbcTransactionManager]?[0;39m: Switching JDBC Connection [HikariProxyConnection@721720488 wrapping com.mysql.cj.jdbc.ConnectionImpl@21d3d6ec] to manual commit
2024-11-21 21:14:54,733 ?[39m[DEBUG]?[0;39m [Test worker] ?[35m[org.mybatis.spring.SqlSessionUtils]?[0;39m: Creating a new SqlSession
2024-11-21 21:14:54,736 ?[39m[DEBUG]?[0;39m [Test worker] ?[35m[org.mybatis.spring.SqlSessionUtils]?[0;39m: Registering transaction synchronization for SqlSession [org.apache.ibatis.session.defaults.DefaultSqlSession@13ddaffb]
2024-11-21 21:14:54,753 ?[39m[DEBUG]?[0;39m [Test worker] ?[35m[o.m.s.t.SpringManagedTransaction]?[0;39m: JDBC Connection [HikariProxyConnection@721720488 wrapping com.mysql.cj.jdbc.ConnectionImpl@21d3d6ec] will be managed by Spring
2024-11-21 21:14:54,758 ?[39m[DEBUG]?[0;39m [Test worker] ?[35m[[.p.d.t.mapper.TopicMapper.getTopics]?[0;39m: ==>  Preparing: SELECT t.topic_id, t.author_id, u.nickname, t.topic_type, t.title, t.like_count, t.add_date FROM topic as t, user as u WHERE t.author_id = u.user_id AND t.author_id = ? AND t.topic_type = ? AND u.nickname Like '%brown%' ORDER BY t.add_date desc;
2024-11-21 21:14:54,776 ?[39m[DEBUG]?[0;39m [Test worker] ?[35m[[.p.d.t.mapper.TopicMapper.getTopics]?[0;39m: ==> Parameters: 3(Integer), 1(String)
2024-11-21 21:14:54,797 ?[39m[DEBUG]?[0;39m [Test worker] ?[35m[[.p.d.t.mapper.TopicMapper.getTopics]?[0;39m: <==      Total: 1
2024-11-21 21:14:54,800 ?[39m[DEBUG]?[0;39m [Test worker] ?[35m[org.mybatis.spring.SqlSessionUtils]?[0;39m: Releasing transactional SqlSession [org.apache.ibatis.session.defaults.DefaultSqlSession@13ddaffb]
2024-11-21 21:14:54,800 ?[39m[DEBUG]?[0;39m [Test worker] ?[35m[org.mybatis.spring.SqlSessionUtils]?[0;39m: Transaction synchronization committing SqlSession [org.apache.ibatis.session.defaults.DefaultSqlSession@13ddaffb]
2024-11-21 21:14:54,801 ?[39m[DEBUG]?[0;39m [Test worker] ?[35m[org.mybatis.spring.SqlSessionUtils]?[0;39m: Transaction synchronization deregistering SqlSession [org.apache.ibatis.session.defaults.DefaultSqlSession@13ddaffb]
2024-11-21 21:14:54,801 ?[39m[DEBUG]?[0;39m [Test worker] ?[35m[org.mybatis.spring.SqlSessionUtils]?[0;39m: Transaction synchronization closing SqlSession [org.apache.ibatis.session.defaults.DefaultSqlSession@13ddaffb]
2024-11-21 21:14:54,801 ?[39m[DEBUG]?[0;39m [Test worker] ?[35m[o.s.j.support.JdbcTransactionManager]?[0;39m: Initiating transaction commit
2024-11-21 21:14:54,801 ?[39m[DEBUG]?[0;39m [Test worker] ?[35m[o.s.j.support.JdbcTransactionManager]?[0;39m: Committing JDBC transaction on Connection [HikariProxyConnection@721720488 wrapping com.mysql.cj.jdbc.ConnectionImpl@21d3d6ec]
2024-11-21 21:14:54,803 ?[39m[DEBUG]?[0;39m [Test worker] ?[35m[o.s.j.support.JdbcTransactionManager]?[0;39m: Releasing JDBC Connection [HikariProxyConnection@721720488 wrapping com.mysql.cj.jdbc.ConnectionImpl@21d3d6ec] after transaction
2024-11-21 21:14:54,807 ?[39m[DEBUG]?[0;39m [Test worker] ?[35m[o.springframework.test.context.cache]?[0;39m: Spring test ApplicationContext cache statistics: [DefaultContextCache@8ac12e6 size = 1, maxSize = 32, parentContextCount = 0, hitCount = 6, missCount = 1, failureCount = 0]
2024-11-21 21:14:54,809 ?[39m[DEBUG]?[0;39m [Test worker] ?[35m[o.springframework.test.context.cache]?[0;39m: Spring test ApplicationContext cache statistics: [DefaultContextCache@8ac12e6 size = 1, maxSize = 32, parentContextCount = 0, hitCount = 7, missCount = 1, failureCount = 0]
2024-11-21 21:14:54,810 ?[39m[DEBUG]?[0;39m [Test worker] ?[35m[o.springframework.test.context.cache]?[0;39m: Spring test ApplicationContext cache statistics: [DefaultContextCache@8ac12e6 size = 1, maxSize = 32, parentContextCount = 0, hitCount = 8, missCount = 1, failureCount = 0]
2024-11-21 21:14:54,810 ?[39m[DEBUG]?[0;39m [Test worker] ?[35m[o.springframework.test.context.cache]?[0;39m: Spring test ApplicationContext cache statistics: [DefaultContextCache@8ac12e6 size = 1, maxSize = 32, parentContextCount = 0, hitCount = 9, missCount = 1, failureCount = 0]
2024-11-21 21:14:54,811 ?[39m[DEBUG]?[0;39m [Test worker] ?[35m[o.springframework.test.context.cache]?[0;39m: Spring test ApplicationContext cache statistics: [DefaultContextCache@8ac12e6 size = 1, maxSize = 32, parentContextCount = 0, hitCount = 10, missCount = 1, failureCount = 0]
2024-11-21 21:14:54,813 ?[39m[DEBUG]?[0;39m [Test worker] ?[35m[o.springframework.test.context.cache]?[0;39m: Spring test ApplicationContext cache statistics: [DefaultContextCache@8ac12e6 size = 1, maxSize = 32, parentContextCount = 0, hitCount = 11, missCount = 1, failureCount = 0]
2024-11-21 21:14:54,813 ?[39m[DEBUG]?[0;39m [Test worker] ?[35m[o.s.t.c.s.DirtiesContextTestExecutionListener]?[0;39m: After test method: class [TopicServiceTest], method [searchTopics], class annotated with @DirtiesContext [false] with mode [null], method annotated with @DirtiesContext [false] with mode [null]
2024-11-21 21:14:54,813 ?[39m[DEBUG]?[0;39m [Test worker] ?[35m[o.s.t.c.w.ServletTestExecutionListener]?[0;39m: Resetting RequestContextHolder for test class com.petnet.domain.topic.service.TopicServiceTest
2024-11-21 21:14:54,819 ?[39m[DEBUG]?[0;39m [Test worker] ?[35m[o.springframework.test.context.cache]?[0;39m: Spring test ApplicationContext cache statistics: [DefaultContextCache@8ac12e6 size = 1, maxSize = 32, parentContextCount = 0, hitCount = 12, missCount = 1, failureCount = 0]
2024-11-21 21:14:54,819 ?[39m[DEBUG]?[0;39m [Test worker] ?[35m[o.s.t.c.s.DirtiesContextTestExecutionListener]?[0;39m: After test class: class [TopicServiceTest], class annotated with @DirtiesContext [false] with mode [null]
]]></system-out>
  <system-err><![CDATA[]]></system-err>
</testsuite>
